2014-12-08 05:20:27.016+0000 INFO  [API] Setting startup timeout to: 120000ms based on 120000
2014-12-08 05:20:29.213+0000 INFO  [API] Successfully started database
2014-12-08 05:20:29.302+0000 INFO  [API] Starting HTTP on port :7474 with 4 threads available
2014-12-08 05:20:29.505+0000 INFO  [API] Enabling HTTPS on port :7473
2014-12-08 05:20:29.719+0000 INFO  [API] Loaded server plugin "GetAll"
2014-12-08 05:20:29.720+0000 INFO  [API]   GraphDatabaseService.get_all_nodes: Get all nodes from the Neo4j graph database
2014-12-08 05:20:29.721+0000 INFO  [API]   GraphDatabaseService.getAllRelationships: Get all relationships from the Neo4j graph database
2014-12-08 05:20:29.721+0000 INFO  [API] Loaded server plugin "ShortestPath"
2014-12-08 05:20:29.721+0000 INFO  [API]   Node.shortestPath: Find the shortest path between two nodes.
2014-12-08 05:20:29.721+0000 INFO  [API] Loaded server plugin "DepthTwo"
2014-12-08 05:20:29.721+0000 INFO  [API]   Node.nodesOnDepthTwo: Traverse depth two and return the end nodes
2014-12-08 05:20:29.721+0000 INFO  [API]   Node.pathsOnDepthTwo: Traverse depth two and return the paths
2014-12-08 05:20:29.722+0000 INFO  [API]   Node.relationshipsOnDepthTwo: Traverse depth two and return the last relationships
2014-12-08 05:20:29.722+0000 INFO  [API] Loaded server plugin "Centrality"
2014-12-08 05:20:29.722+0000 INFO  [API]   GraphDatabaseService.graph_center: Get the 'center' of the graph
2014-12-08 05:20:29.722+0000 INFO  [API]   GraphDatabaseService.graph_median: Get the median of the graph
2014-12-08 05:20:29.722+0000 INFO  [API] Loaded server plugin "HelloWorldWideWebb"
2014-12-08 05:20:29.722+0000 INFO  [API]   GraphDatabaseService.hello_world_wide_webb: Retrieve a friendly greeting from your project partner :).
00:20:29.738 [main] INFO  org.eclipse.jetty.util.log - Logging initialized @4706ms
2014-12-08 05:20:29.792+0000 INFO  [API] Mounting static content at [/webadmin] from [webadmin-html]
2014-12-08 05:20:29.845+0000 INFO  [API] Mounting static content at [/browser] from [browser]
00:20:29.848 [main] INFO  org.eclipse.jetty.server.Server - jetty-9.2.1.v20140609
00:20:29.871 [main] INFO  o.e.j.server.handler.ContextHandler - Started o.e.j.s.h.MovedContextHandler@456a24be{/,null,AVAILABLE}
00:20:29.977 [main] INFO  o.e.j.w.StandardDescriptorProcessor - NO JSP Support for /webadmin, did not find org.apache.jasper.servlet.JspServlet
00:20:29.991 [main] INFO  o.e.j.server.handler.ContextHandler - Started o.e.j.w.WebAppContext@6a65c6e1{/webadmin,jar:file:/Users/andreshasfura/830/neo4j-community-2.2.0-M01/system/lib/neo4j-server-2.2.0-M01-static-web.jar!/webadmin-html,AVAILABLE}
00:20:30.559 [main] INFO  o.e.j.server.handler.ContextHandler - Started o.e.j.s.ServletContextHandler@8180687{/db/manage,null,AVAILABLE}
00:20:30.877 [main] INFO  o.e.j.server.handler.ContextHandler - Started o.e.j.s.ServletContextHandler@3e1bbe6f{/db/data,null,AVAILABLE}
00:20:30.898 [main] INFO  o.e.j.w.StandardDescriptorProcessor - NO JSP Support for /browser, did not find org.apache.jasper.servlet.JspServlet
00:20:30.899 [main] INFO  o.e.j.server.handler.ContextHandler - Started o.e.j.w.WebAppContext@4e0ab1d5{/browser,jar:file:/Users/andreshasfura/830/neo4j-community-2.2.0-M01/system/lib/neo4j-browser-2.2.0-M01.jar!/browser,AVAILABLE}
00:20:31.033 [main] INFO  o.e.j.server.handler.ContextHandler - Started o.e.j.s.ServletContextHandler@5155147f{/,null,AVAILABLE}
00:20:31.059 [main] INFO  o.e.jetty.server.ServerConnector - Started ServerConnector@29ef81b0{HTTP/1.1}{localhost:7474}
00:20:31.653 [main] INFO  o.e.jetty.server.ServerConnector - Started ServerConnector@76476028{SSL-HTTP/1.1}{localhost:7473}
00:20:31.654 [main] INFO  org.eclipse.jetty.server.Server - Started @6628ms
2014-12-08 05:20:31.654+0000 INFO  [API] Server started on: http://localhost:7474/
2014-12-08 05:20:31.654+0000 INFO  [API] Remote interface ready and available at [http://localhost:7474/]
2014-12-08 05:20:36.378+0000 INFO  [API] Neo4j Server shutdown initiated by request
00:20:36.400 [Thread-13] INFO  o.e.jetty.server.ServerConnector - Stopped ServerConnector@29ef81b0{HTTP/1.1}{localhost:7474}
00:20:36.401 [Thread-13] INFO  o.e.jetty.server.ServerConnector - Stopped ServerConnector@76476028{SSL-HTTP/1.1}{localhost:7473}
00:20:36.403 [Thread-13] INFO  o.e.j.server.handler.ContextHandler - Stopped o.e.j.s.ServletContextHandler@5155147f{/,null,UNAVAILABLE}
00:20:36.404 [Thread-13] INFO  o.e.j.server.handler.ContextHandler - Stopped o.e.j.w.WebAppContext@4e0ab1d5{/browser,jar:file:/Users/andreshasfura/830/neo4j-community-2.2.0-M01/system/lib/neo4j-browser-2.2.0-M01.jar!/browser,UNAVAILABLE}
00:20:36.405 [Thread-13] INFO  o.e.j.server.handler.ContextHandler - Stopped o.e.j.s.ServletContextHandler@3e1bbe6f{/db/data,null,UNAVAILABLE}
00:20:36.406 [Thread-13] INFO  o.e.j.server.handler.ContextHandler - Stopped o.e.j.s.ServletContextHandler@8180687{/db/manage,null,UNAVAILABLE}
00:20:36.408 [Thread-13] INFO  o.e.j.server.handler.ContextHandler - Stopped o.e.j.w.WebAppContext@6a65c6e1{/webadmin,jar:file:/Users/andreshasfura/830/neo4j-community-2.2.0-M01/system/lib/neo4j-server-2.2.0-M01-static-web.jar!/webadmin-html,UNAVAILABLE}
00:20:36.409 [Thread-13] INFO  o.e.j.server.handler.ContextHandler - Stopped o.e.j.s.h.MovedContextHandler@456a24be{/,null,UNAVAILABLE}
2014-12-08 05:20:36.418+0000 INFO  [API] Successfully shutdown Neo4j Server.
2014-12-08 05:20:36.458+0000 INFO  [API] Successfully stopped database
2014-12-08 05:20:36.459+0000 INFO  [API] Successfully shutdown database.
