2014-12-09 00:06:16.078+0000 INFO  [o.n.s.CommunityNeoServer]: Setting startup timeout to: 120000ms based on 120000
2014-12-09 00:06:16.153+0000 INFO  [o.n.k.InternalAbstractGraphDatabase]: No locking implementation specified, defaulting to 'community'
2014-12-09 00:06:16.196+0000 INFO  [o.n.k.i.DiagnosticsManager]: --- INITIALIZED diagnostics START ---
2014-12-09 00:06:16.197+0000 INFO  [o.n.k.i.DiagnosticsManager]: Neo4j Kernel properties:
2014-12-09 00:06:16.199+0000 INFO  [o.n.k.i.DiagnosticsManager]: node_auto_indexing=true
2014-12-09 00:06:16.199+0000 INFO  [o.n.k.i.DiagnosticsManager]: store_dir=/afs/athena.mit.edu/user/h/a/hasfuraa/830/neo4j-community-2.2.0-M01/data/graph.db
2014-12-09 00:06:16.199+0000 INFO  [o.n.k.i.DiagnosticsManager]: node_keys_indexable=id
2014-12-09 00:06:16.199+0000 INFO  [o.n.k.i.DiagnosticsManager]: remote_shell_enabled=true
2014-12-09 00:06:16.200+0000 INFO  [o.n.k.i.DiagnosticsManager]: Diagnostics providers:
2014-12-09 00:06:16.200+0000 INFO  [o.n.k.i.DiagnosticsManager]: org.neo4j.kernel.configuration.Config
2014-12-09 00:06:16.200+0000 INFO  [o.n.k.i.DiagnosticsManager]: org.neo4j.kernel.info.DiagnosticsManager
2014-12-09 00:06:16.200+0000 INFO  [o.n.k.i.DiagnosticsManager]: SYSTEM_MEMORY
2014-12-09 00:06:16.200+0000 INFO  [o.n.k.i.DiagnosticsManager]: JAVA_MEMORY
2014-12-09 00:06:16.200+0000 INFO  [o.n.k.i.DiagnosticsManager]: OPERATING_SYSTEM
2014-12-09 00:06:16.200+0000 INFO  [o.n.k.i.DiagnosticsManager]: JAVA_VIRTUAL_MACHINE
2014-12-09 00:06:16.200+0000 INFO  [o.n.k.i.DiagnosticsManager]: CLASSPATH
2014-12-09 00:06:16.200+0000 INFO  [o.n.k.i.DiagnosticsManager]: LIBRARY_PATH
2014-12-09 00:06:16.200+0000 INFO  [o.n.k.i.DiagnosticsManager]: SYSTEM_PROPERTIES
2014-12-09 00:06:16.200+0000 INFO  [o.n.k.i.DiagnosticsManager]: LINUX_SCHEDULERS
2014-12-09 00:06:16.200+0000 INFO  [o.n.k.i.DiagnosticsManager]: NETWORK
2014-12-09 00:06:16.201+0000 INFO  [o.n.k.i.DiagnosticsManager]: System memory information:
2014-12-09 00:06:16.202+0000 INFO  [o.n.k.i.DiagnosticsManager]: Total Physical memory: 7.58 GB
2014-12-09 00:06:16.202+0000 INFO  [o.n.k.i.DiagnosticsManager]: Free Physical memory: 3.80 GB
2014-12-09 00:06:16.202+0000 INFO  [o.n.k.i.DiagnosticsManager]: Committed virtual memory: 3.29 GB
2014-12-09 00:06:16.202+0000 INFO  [o.n.k.i.DiagnosticsManager]: Total swap space: 23.73 GB
2014-12-09 00:06:16.202+0000 INFO  [o.n.k.i.DiagnosticsManager]: Free swap space: 23.73 GB
2014-12-09 00:06:16.203+0000 INFO  [o.n.k.i.DiagnosticsManager]: JVM memory information:
2014-12-09 00:06:16.203+0000 INFO  [o.n.k.i.DiagnosticsManager]: Free  memory: 86.79 MB
2014-12-09 00:06:16.203+0000 INFO  [o.n.k.i.DiagnosticsManager]: Total memory: 117.38 MB
2014-12-09 00:06:16.203+0000 INFO  [o.n.k.i.DiagnosticsManager]: Max   memory: 1.86 GB
2014-12-09 00:06:16.204+0000 INFO  [o.n.k.i.DiagnosticsManager]: Garbage Collector: ParNew: [Par Eden Space, Par Survivor Space]
2014-12-09 00:06:16.204+0000 INFO  [o.n.k.i.DiagnosticsManager]: Garbage Collector: ConcurrentMarkSweep: [Par Eden Space, Par Survivor Space, CMS Old Gen, CMS Perm Gen]
2014-12-09 00:06:16.205+0000 INFO  [o.n.k.i.DiagnosticsManager]: Memory Pool: Code Cache (Non-heap memory): committed=2.44 MB, used=693.63 kB, max=48.00 MB, threshold=0.00 B
2014-12-09 00:06:16.205+0000 INFO  [o.n.k.i.DiagnosticsManager]: Memory Pool: Par Eden Space (Heap memory): committed=32.44 MB, used=25.90 MB, max=266.25 MB, threshold=?
2014-12-09 00:06:16.205+0000 INFO  [o.n.k.i.DiagnosticsManager]: Memory Pool: Par Survivor Space (Heap memory): committed=4.00 MB, used=4.00 MB, max=33.25 MB, threshold=?
2014-12-09 00:06:16.206+0000 INFO  [o.n.k.i.DiagnosticsManager]: Memory Pool: CMS Old Gen (Heap memory): committed=80.94 MB, used=698.85 kB, max=1.57 GB, threshold=0.00 B
2014-12-09 00:06:16.206+0000 INFO  [o.n.k.i.DiagnosticsManager]: Memory Pool: CMS Perm Gen (Non-heap memory): committed=20.75 MB, used=13.24 MB, max=166.00 MB, threshold=0.00 B
2014-12-09 00:06:16.206+0000 INFO  [o.n.k.i.DiagnosticsManager]: Operating system information:
2014-12-09 00:06:16.207+0000 INFO  [o.n.k.i.DiagnosticsManager]: Operating System: Linux; version: 3.13.0-33-generic; arch: amd64; cpus: 4
2014-12-09 00:06:16.207+0000 INFO  [o.n.k.i.DiagnosticsManager]: Max number of file descriptors: 4096
2014-12-09 00:06:16.207+0000 INFO  [o.n.k.i.DiagnosticsManager]: Number of open file descriptors: 81
2014-12-09 00:06:16.207+0000 INFO  [o.n.k.i.DiagnosticsManager]: Process id: 29794@W20-575-62
2014-12-09 00:06:16.207+0000 INFO  [o.n.k.i.DiagnosticsManager]: Byte order: LITTLE_ENDIAN
2014-12-09 00:06:16.207+0000 INFO  [o.n.k.i.DiagnosticsManager]: Local timezone: America/New_York
2014-12-09 00:06:16.207+0000 INFO  [o.n.k.i.DiagnosticsManager]: JVM information:
2014-12-09 00:06:16.207+0000 INFO  [o.n.k.i.DiagnosticsManager]: VM Name: OpenJDK 64-Bit Server VM
2014-12-09 00:06:16.207+0000 INFO  [o.n.k.i.DiagnosticsManager]: VM Vendor: Oracle Corporation
2014-12-09 00:06:16.207+0000 INFO  [o.n.k.i.DiagnosticsManager]: VM Version: 24.65-b04
2014-12-09 00:06:16.207+0000 INFO  [o.n.k.i.DiagnosticsManager]: JIT compiler: HotSpot 64-Bit Tiered Compilers
2014-12-09 00:06:16.208+0000 INFO  [o.n.k.i.DiagnosticsManager]: VM Arguments: [-XX:+DisableExplicitGC, -Dorg.neo4j.server.properties=conf/neo4j-server.properties, -Djava.util.logging.config.file=conf/logging.properties, -Dlog4j.configuration=file:conf/log4j.properties, -XX:+UseConcMarkSweepGC, -XX:+CMSClassUnloadingEnabled, -XX:MaxDirectMemorySize=2G, -XX:-OmitStackTraceInFastThrow, -Dneo4j.home=/afs/athena.mit.edu/user/h/a/hasfuraa/830/neo4j-community-2.2.0-M01, -Dneo4j.instance=/afs/athena.mit.edu/user/h/a/hasfuraa/830/neo4j-community-2.2.0-M01, -Dfile.encoding=UTF-8]
2014-12-09 00:06:16.208+0000 INFO  [o.n.k.i.DiagnosticsManager]: Java classpath:
2014-12-09 00:06:16.209+0000 INFO  [o.n.k.i.DiagnosticsManager]:  [classpath + loader.0] file:/afs/athena.mit.edu/user/h/a/hasfuraa/830/neo4j-community-2.2.0-M01/lib/neo4j-consistency-check-2.2.0-M01.jar
2014-12-09 00:06:16.209+0000 INFO  [o.n.k.i.DiagnosticsManager]:  [loader.1] file:/usr/lib/jvm/java-7-openjdk-amd64/jre/lib/ext/libatk-wrapper.so
2014-12-09 00:06:16.209+0000 INFO  [o.n.k.i.DiagnosticsManager]:  [classpath + loader.0] file:/afs/athena.mit.edu/user/h/a/hasfuraa/830/neo4j-community-2.2.0-M01/system/lib/logback-classic-1.1.2.jar
2014-12-09 00:06:16.209+0000 INFO  [o.n.k.i.DiagnosticsManager]:  [classpath + loader.0] file:/afs/athena.mit.edu/user/h/a/hasfuraa/830/neo4j-community-2.2.0-M01/system/lib/neo4j-server-2.2.0-M01-static-web.jar
2014-12-09 00:06:16.209+0000 INFO  [o.n.k.i.DiagnosticsManager]:  [classpath + loader.0] file:/afs/athena.mit.edu/user/h/a/hasfuraa/830/neo4j-community-2.2.0-M01/system/lib/bcprov-jdk16-140.jar
2014-12-09 00:06:16.209+0000 INFO  [o.n.k.i.DiagnosticsManager]:  [classpath + loader.0] file:/afs/athena.mit.edu/user/h/a/hasfuraa/830/neo4j-community-2.2.0-M01/lib/neo4j-import-tool-2.2.0-M01.jar
2014-12-09 00:06:16.209+0000 INFO  [o.n.k.i.DiagnosticsManager]:  [classpath + loader.0] file:/afs/athena.mit.edu/user/h/a/hasfuraa/830/neo4j-community-2.2.0-M01/system/lib/jackson-core-asl-1.9.13.jar
2014-12-09 00:06:16.209+0000 INFO  [o.n.k.i.DiagnosticsManager]:  [bootstrap] /usr/lib/jvm/java-7-openjdk-amd64/jre/lib/charsets.jar
2014-12-09 00:06:16.209+0000 INFO  [o.n.k.i.DiagnosticsManager]:  [classpath + loader.0] file:/afs/athena.mit.edu/user/h/a/hasfuraa/830/neo4j-community-2.2.0-M01/system/lib/jetty-webapp-9.2.1.v20140609.jar
2014-12-09 00:06:16.209+0000 INFO  [o.n.k.i.DiagnosticsManager]:  [classpath + loader.0] file:/afs/athena.mit.edu/user/h/a/hasfuraa/830/neo4j-community-2.2.0-M01/system/lib/jetty-servlet-9.2.1.v20140609.jar
2014-12-09 00:06:16.209+0000 INFO  [o.n.k.i.DiagnosticsManager]:  [bootstrap] /usr/lib/jvm/java-7-openjdk-amd64/jre/lib/sunrsasign.jar
2014-12-09 00:06:16.209+0000 INFO  [o.n.k.i.DiagnosticsManager]:  [classpath + loader.0] file:/afs/athena.mit.edu/user/h/a/hasfuraa/830/neo4j-community-2.2.0-M01/lib/neo4j-shell-2.2.0-M01.jar
2014-12-09 00:06:16.209+0000 INFO  [o.n.k.i.DiagnosticsManager]:  [bootstrap] /usr/lib/jvm/java-7-openjdk-amd64/jre/lib/rhino.jar
2014-12-09 00:06:16.209+0000 INFO  [o.n.k.i.DiagnosticsManager]:  [classpath + loader.0] file:/afs/athena.mit.edu/user/h/a/hasfuraa/830/neo4j-community-2.2.0-M01/lib/neo4j-csv-2.2.0-M01.jar
2014-12-09 00:06:16.209+0000 INFO  [o.n.k.i.DiagnosticsManager]:  [classpath + loader.0] file:/afs/athena.mit.edu/user/h/a/hasfuraa/830/neo4j-community-2.2.0-M01/system/lib/rhino-1.7R4.jar
2014-12-09 00:06:16.209+0000 INFO  [o.n.k.i.DiagnosticsManager]:  [loader.1] file:/usr/lib/jvm/java-7-openjdk-amd64/jre/lib/ext/zipfs.jar
2014-12-09 00:06:16.210+0000 INFO  [o.n.k.i.DiagnosticsManager]:  [loader.1] file:/usr/lib/jvm/java-7-openjdk-amd64/jre/lib/ext/sunpkcs11.jar
2014-12-09 00:06:16.210+0000 INFO  [o.n.k.i.DiagnosticsManager]:  [classpath + loader.0] file:/afs/athena.mit.edu/user/h/a/hasfuraa/830/neo4j-community-2.2.0-M01/system/lib/jcl-over-slf4j-1.7.7.jar
2014-12-09 00:06:16.210+0000 INFO  [o.n.k.i.DiagnosticsManager]:  [loader.1] file:/usr/share/java/java-atk-wrapper.jar
2014-12-09 00:06:16.210+0000 INFO  [o.n.k.i.DiagnosticsManager]:  [classpath + loader.0] file:/afs/athena.mit.edu/user/h/a/hasfuraa/830/neo4j-community-2.2.0-M01/system/lib/jetty-server-9.2.1.v20140609.jar
2014-12-09 00:06:16.210+0000 INFO  [o.n.k.i.DiagnosticsManager]:  [classpath + loader.0] file:/afs/athena.mit.edu/user/h/a/hasfuraa/830/neo4j-community-2.2.0-M01/system/lib/rrd4j-2.2.jar
2014-12-09 00:06:16.210+0000 INFO  [o.n.k.i.DiagnosticsManager]:  [classpath + loader.0] file:/afs/athena.mit.edu/user/h/a/hasfuraa/830/neo4j-community-2.2.0-M01/system/lib/neo4j-server-2.2.0-M01.jar
2014-12-09 00:06:16.210+0000 INFO  [o.n.k.i.DiagnosticsManager]:  [classpath + loader.0] file:/afs/athena.mit.edu/user/h/a/hasfuraa/830/neo4j-community-2.2.0-M01/system/lib/javax.servlet-api-3.1.0.jar
2014-12-09 00:06:16.210+0000 INFO  [o.n.k.i.DiagnosticsManager]:  [classpath + loader.0] file:/afs/athena.mit.edu/user/h/a/hasfuraa/830/neo4j-community-2.2.0-M01/system/lib/jetty-xml-9.2.1.v20140609.jar
2014-12-09 00:06:16.210+0000 INFO  [o.n.k.i.DiagnosticsManager]:  [classpath + loader.0] file:/afs/athena.mit.edu/user/h/a/hasfuraa/830/neo4j-community-2.2.0-M01/lib/org.apache.servicemix.bundles.jline-0.9.94_1.jar
2014-12-09 00:06:16.210+0000 INFO  [o.n.k.i.DiagnosticsManager]:  [classpath + loader.0] file:/afs/athena.mit.edu/user/h/a/hasfuraa/830/neo4j-community-2.2.0-M01/system/lib/commons-io-2.4.jar
2014-12-09 00:06:16.210+0000 INFO  [o.n.k.i.DiagnosticsManager]:  [classpath + loader.0] file:/afs/athena.mit.edu/user/h/a/hasfuraa/830/neo4j-community-2.2.0-M01/lib/neo4j-lucene-index-2.2.0-M01.jar
2014-12-09 00:06:16.210+0000 INFO  [o.n.k.i.DiagnosticsManager]:  [classpath + loader.0] file:/afs/athena.mit.edu/user/h/a/hasfuraa/830/neo4j-community-2.2.0-M01/lib/parboiled-core-1.1.6.jar
2014-12-09 00:06:16.210+0000 INFO  [o.n.k.i.DiagnosticsManager]:  [classpath + loader.0] file:/afs/athena.mit.edu/user/h/a/hasfuraa/830/neo4j-community-2.2.0-M01/lib/neo4j-kernel-2.2.0-M01.jar
2014-12-09 00:06:16.210+0000 INFO  [o.n.k.i.DiagnosticsManager]:  [classpath + loader.0] file:/afs/athena.mit.edu/user/h/a/hasfuraa/830/neo4j-community-2.2.0-M01/system/lib/jetty-security-9.2.1.v20140609.jar
2014-12-09 00:06:16.210+0000 INFO  [o.n.k.i.DiagnosticsManager]:  [classpath + loader.0] file:/afs/athena.mit.edu/user/h/a/hasfuraa/830/neo4j-community-2.2.0-M01/system/lib/janino-2.6.1.jar
2014-12-09 00:06:16.210+0000 INFO  [o.n.k.i.DiagnosticsManager]:  [classpath + loader.0] file:/afs/athena.mit.edu/user/h/a/hasfuraa/830/neo4j-community-2.2.0-M01/system/lib/logback-access-1.1.2.jar
2014-12-09 00:06:16.210+0000 INFO  [o.n.k.i.DiagnosticsManager]:  [classpath + loader.0] file:/afs/athena.mit.edu/user/h/a/hasfuraa/830/neo4j-community-2.2.0-M01/lib/neo4j-primitive-collections-2.2.0-M01.jar
2014-12-09 00:06:16.210+0000 INFO  [o.n.k.i.DiagnosticsManager]:  [classpath + loader.0] file:/afs/athena.mit.edu/user/h/a/hasfuraa/830/neo4j-community-2.2.0-M01/system/lib/jetty-http-9.2.1.v20140609.jar
2014-12-09 00:06:16.210+0000 INFO  [o.n.k.i.DiagnosticsManager]:  [classpath + loader.0] file:/afs/athena.mit.edu/user/h/a/hasfuraa/830/neo4j-community-2.2.0-M01/lib/scala-library-2.10.4.jar
2014-12-09 00:06:16.210+0000 INFO  [o.n.k.i.DiagnosticsManager]:  [classpath + loader.0] file:/afs/athena.mit.edu/user/h/a/hasfuraa/830/neo4j-community-2.2.0-M01/plugins/neo4j-server-examples-2.2-SNAPSHOT.jar
2014-12-09 00:06:16.210+0000 INFO  [o.n.k.i.DiagnosticsManager]:  [bootstrap] /usr/lib/jvm/java-7-openjdk-amd64/jre/lib/resources.jar
2014-12-09 00:06:16.210+0000 INFO  [o.n.k.i.DiagnosticsManager]:  [classpath + loader.0] file:/afs/athena.mit.edu/user/h/a/hasfuraa/830/neo4j-community-2.2.0-M01/system/lib/logback-core-1.1.2.jar
2014-12-09 00:06:16.210+0000 INFO  [o.n.k.i.DiagnosticsManager]:  [classpath + loader.0] file:/afs/athena.mit.edu/user/h/a/hasfuraa/830/neo4j-community-2.2.0-M01/system/lib/jersey-servlet-1.18.1.jar
2014-12-09 00:06:16.210+0000 INFO  [o.n.k.i.DiagnosticsManager]:  [classpath + loader.0] file:/afs/athena.mit.edu/user/h/a/hasfuraa/830/neo4j-community-2.2.0-M01/lib/neo4j-udc-2.2.0-M01.jar
2014-12-09 00:06:16.210+0000 INFO  [o.n.k.i.DiagnosticsManager]:  [loader.1] file:/usr/lib/jvm/java-7-openjdk-amd64/jre/lib/ext/icedtea-sound.jar
2014-12-09 00:06:16.210+0000 INFO  [o.n.k.i.DiagnosticsManager]:  [classpath + loader.0] file:/afs/athena.mit.edu/user/h/a/hasfuraa/830/neo4j-community-2.2.0-M01/system/lib/commons-logging-1.1.1.jar
2014-12-09 00:06:16.210+0000 INFO  [o.n.k.i.DiagnosticsManager]:  [loader.1] file:/usr/lib/jvm/java-7-openjdk-amd64/jre/lib/ext/sunjce_provider.jar
2014-12-09 00:06:16.210+0000 INFO  [o.n.k.i.DiagnosticsManager]:  [classpath + loader.0] file:/afs/athena.mit.edu/user/h/a/hasfuraa/830/neo4j-community-2.2.0-M01/system/lib/jersey-core-1.18.1.jar
2014-12-09 00:06:16.210+0000 INFO  [o.n.k.i.DiagnosticsManager]:  [classpath + loader.0] file:/afs/athena.mit.edu/user/h/a/hasfuraa/830/neo4j-community-2.2.0-M01/system/lib/commons-configuration-1.10.jar
2014-12-09 00:06:16.210+0000 INFO  [o.n.k.i.DiagnosticsManager]:  [bootstrap] /usr/lib/jvm/java-7-openjdk-amd64/jre/lib/jce.jar
2014-12-09 00:06:16.210+0000 INFO  [o.n.k.i.DiagnosticsManager]:  [loader.1] file:/usr/lib/jvm/java-7-openjdk-amd64/jre/lib/ext/dnsns.jar
2014-12-09 00:06:16.210+0000 INFO  [o.n.k.i.DiagnosticsManager]:  [classpath + loader.0] file:/afs/athena.mit.edu/user/h/a/hasfuraa/830/neo4j-community-2.2.0-M01/system/lib/neo4j-browser-2.2.0-M01.jar
2014-12-09 00:06:16.211+0000 INFO  [o.n.k.i.DiagnosticsManager]:  [classpath + loader.0] file:/afs/athena.mit.edu/user/h/a/hasfuraa/830/neo4j-community-2.2.0-M01/lib/neo4j-cypher-2.2.0-M01.jar
2014-12-09 00:06:16.211+0000 INFO  [o.n.k.i.DiagnosticsManager]:  [bootstrap] /usr/lib/jvm/java-7-openjdk-amd64/jre/lib/jsse.jar
2014-12-09 00:06:16.211+0000 INFO  [o.n.k.i.DiagnosticsManager]:  [classpath + loader.0] file:/afs/athena.mit.edu/user/h/a/hasfuraa/830/neo4j-community-2.2.0-M01/system/lib/mimepull-1.9.3.jar
2014-12-09 00:06:16.211+0000 INFO  [o.n.k.i.DiagnosticsManager]:  [classpath + loader.0] file:/afs/athena.mit.edu/user/h/a/hasfuraa/830/neo4j-community-2.2.0-M01/system/lib/jetty-util-9.2.1.v20140609.jar
2014-12-09 00:06:16.211+0000 INFO  [o.n.k.i.DiagnosticsManager]:  [classpath + loader.0] file:/afs/athena.mit.edu/user/h/a/hasfuraa/830/neo4j-community-2.2.0-M01/lib/neo4j-io-2.2.0-M01.jar
2014-12-09 00:06:16.211+0000 INFO  [o.n.k.i.DiagnosticsManager]:  [classpath + loader.0] file:/afs/athena.mit.edu/user/h/a/hasfuraa/830/neo4j-community-2.2.0-M01/system/lib/commons-beanutils-1.8.3.jar
2014-12-09 00:06:16.211+0000 INFO  [o.n.k.i.DiagnosticsManager]:  [classpath + loader.0] file:/afs/athena.mit.edu/user/h/a/hasfuraa/830/neo4j-community-2.2.0-M01/lib/neo4j-cypher-compiler-1.9-2.0.4.jar
2014-12-09 00:06:16.211+0000 INFO  [o.n.k.i.DiagnosticsManager]:  [classpath + loader.0] file:/afs/athena.mit.edu/user/h/a/hasfuraa/830/neo4j-community-2.2.0-M01/lib/server-api-2.2.0-M01.jar
2014-12-09 00:06:16.211+0000 INFO  [o.n.k.i.DiagnosticsManager]:  [classpath + loader.0] file:/afs/athena.mit.edu/user/h/a/hasfuraa/830/neo4j-community-2.2.0-M01/lib/neo4j-cypher-compiler-2.2-2.2.0-M01.jar
2014-12-09 00:06:16.211+0000 INFO  [o.n.k.i.DiagnosticsManager]:  [classpath + loader.0] file:/afs/athena.mit.edu/user/h/a/hasfuraa/830/neo4j-community-2.2.0-M01/system/lib/jersey-server-1.18.1.jar
2014-12-09 00:06:16.211+0000 INFO  [o.n.k.i.DiagnosticsManager]:  [classpath + loader.0] file:/afs/athena.mit.edu/user/h/a/hasfuraa/830/neo4j-community-2.2.0-M01/system/lib/jersey-multipart-1.18.1.jar
2014-12-09 00:06:16.211+0000 INFO  [o.n.k.i.DiagnosticsManager]:  [classpath + loader.0] file:/afs/athena.mit.edu/user/h/a/hasfuraa/830/neo4j-community-2.2.0-M01/system/lib/jsr311-api-1.1.2.r612.jar
2014-12-09 00:06:16.211+0000 INFO  [o.n.k.i.DiagnosticsManager]:  [classpath + loader.0] file:/afs/athena.mit.edu/user/h/a/hasfuraa/830/neo4j-community-2.2.0-M01/conf/
2014-12-09 00:06:16.211+0000 INFO  [o.n.k.i.DiagnosticsManager]:  [classpath + loader.0] file:/afs/athena.mit.edu/user/h/a/hasfuraa/830/neo4j-community-2.2.0-M01/system/lib/scala-reflect-2.10.4.jar
2014-12-09 00:06:16.211+0000 INFO  [o.n.k.i.DiagnosticsManager]:  [bootstrap] /usr/lib/jvm/java-7-openjdk-amd64/jre/classes
2014-12-09 00:06:16.211+0000 INFO  [o.n.k.i.DiagnosticsManager]:  [classpath + loader.0] file:/afs/athena.mit.edu/user/h/a/hasfuraa/830/neo4j-community-2.2.0-M01/lib/parboiled-scala_2.10-1.1.6.jar
2014-12-09 00:06:16.211+0000 INFO  [o.n.k.i.DiagnosticsManager]:  [classpath + loader.0] file:/afs/athena.mit.edu/user/h/a/hasfuraa/830/neo4j-community-2.2.0-M01/lib/neo4j-cypher-compiler-2.0-2.0.4.jar
2014-12-09 00:06:16.211+0000 INFO  [o.n.k.i.DiagnosticsManager]:  [bootstrap] /usr/lib/jvm/java-7-openjdk-amd64/jre/lib/jfr.jar
2014-12-09 00:06:16.211+0000 INFO  [o.n.k.i.DiagnosticsManager]:  [classpath + loader.0] file:/afs/athena.mit.edu/user/h/a/hasfuraa/830/neo4j-community-2.2.0-M01/system/lib/jackson-jaxrs-1.9.13.jar
2014-12-09 00:06:16.211+0000 INFO  [o.n.k.i.DiagnosticsManager]:  [classpath + loader.0] file:/afs/athena.mit.edu/user/h/a/hasfuraa/830/neo4j-community-2.2.0-M01/system/lib/commons-compiler-2.6.1.jar
2014-12-09 00:06:16.211+0000 INFO  [o.n.k.i.DiagnosticsManager]:  [classpath + loader.0] file:/afs/athena.mit.edu/user/h/a/hasfuraa/830/neo4j-community-2.2.0-M01/system/lib/commons-lang-2.6.jar
2014-12-09 00:06:16.211+0000 INFO  [o.n.k.i.DiagnosticsManager]:  [classpath + loader.0] file:/afs/athena.mit.edu/user/h/a/hasfuraa/830/neo4j-community-2.2.0-M01/lib/neo4j-graph-algo-2.2.0-M01.jar
2014-12-09 00:06:16.211+0000 INFO  [o.n.k.i.DiagnosticsManager]:  [bootstrap] /usr/lib/jvm/java-7-openjdk-amd64/jre/lib/rt.jar
2014-12-09 00:06:16.211+0000 INFO  [o.n.k.i.DiagnosticsManager]:  [classpath + loader.0] file:/afs/athena.mit.edu/user/h/a/hasfuraa/830/neo4j-community-2.2.0-M01/lib/neo4j-jmx-2.2.0-M01.jar
2014-12-09 00:06:16.211+0000 INFO  [o.n.k.i.DiagnosticsManager]:  [classpath + loader.0] file:/afs/athena.mit.edu/user/h/a/hasfuraa/830/neo4j-community-2.2.0-M01/lib/lucene-core-3.6.2.jar
2014-12-09 00:06:16.211+0000 INFO  [o.n.k.i.DiagnosticsManager]:  [classpath + loader.0] file:/afs/athena.mit.edu/user/h/a/hasfuraa/830/neo4j-community-2.2.0-M01/lib/opencsv-2.3.jar
2014-12-09 00:06:16.211+0000 INFO  [o.n.k.i.DiagnosticsManager]:  [classpath + loader.0] file:/afs/athena.mit.edu/user/h/a/hasfuraa/830/neo4j-community-2.2.0-M01/system/lib/slf4j-api-1.7.7.jar
2014-12-09 00:06:16.211+0000 INFO  [o.n.k.i.DiagnosticsManager]:  [classpath + loader.0] file:/afs/athena.mit.edu/user/h/a/hasfuraa/830/neo4j-community-2.2.0-M01/system/lib/jetty-io-9.2.1.v20140609.jar
2014-12-09 00:06:16.211+0000 INFO  [o.n.k.i.DiagnosticsManager]:  [classpath + loader.0] file:/afs/athena.mit.edu/user/h/a/hasfuraa/830/neo4j-community-2.2.0-M01/system/lib/jackson-mapper-asl-1.9.13.jar
2014-12-09 00:06:16.211+0000 INFO  [o.n.k.i.DiagnosticsManager]:  [classpath + loader.0] file:/afs/athena.mit.edu/user/h/a/hasfuraa/830/neo4j-community-2.2.0-M01/system/lib/commons-digester-2.1.jar
2014-12-09 00:06:16.211+0000 INFO  [o.n.k.i.DiagnosticsManager]:  [classpath + loader.0] file:/afs/athena.mit.edu/user/h/a/hasfuraa/830/neo4j-community-2.2.0-M01/lib/concurrentlinkedhashmap-lru-1.4.jar
2014-12-09 00:06:16.212+0000 INFO  [o.n.k.i.DiagnosticsManager]:  [classpath + loader.0] file:/afs/athena.mit.edu/user/h/a/hasfuraa/830/neo4j-community-2.2.0-M01/lib/neo4j-cypher-compiler-2.1-2.1.6.jar
2014-12-09 00:06:16.212+0000 INFO  [o.n.k.i.DiagnosticsManager]:  [loader.1] file:/usr/lib/jvm/java-7-openjdk-amd64/jre/lib/ext/localedata.jar
2014-12-09 00:06:16.212+0000 INFO  [o.n.k.i.DiagnosticsManager]:  [classpath + loader.0] file:/afs/athena.mit.edu/user/h/a/hasfuraa/830/neo4j-community-2.2.0-M01/lib/neo4j-graph-matching-2.2.0-M01.jar
2014-12-09 00:06:16.212+0000 INFO  [o.n.k.i.DiagnosticsManager]: Library path:
2014-12-09 00:06:16.212+0000 INFO  [o.n.k.i.DiagnosticsManager]: /usr/java/packages/lib/amd64
2014-12-09 00:06:16.212+0000 INFO  [o.n.k.i.DiagnosticsManager]: /usr/lib/x86_64-linux-gnu/jni
2014-12-09 00:06:16.212+0000 INFO  [o.n.k.i.DiagnosticsManager]: /lib/x86_64-linux-gnu
2014-12-09 00:06:16.212+0000 INFO  [o.n.k.i.DiagnosticsManager]: /usr/lib/x86_64-linux-gnu
2014-12-09 00:06:16.212+0000 INFO  [o.n.k.i.DiagnosticsManager]: /usr/lib/jni
2014-12-09 00:06:16.212+0000 INFO  [o.n.k.i.DiagnosticsManager]: /lib
2014-12-09 00:06:16.212+0000 INFO  [o.n.k.i.DiagnosticsManager]: /usr/lib
2014-12-09 00:06:16.212+0000 INFO  [o.n.k.i.DiagnosticsManager]: System.properties:
2014-12-09 00:06:16.212+0000 INFO  [o.n.k.i.DiagnosticsManager]: sun.boot.library.path = /usr/lib/jvm/java-7-openjdk-amd64/jre/lib/amd64
2014-12-09 00:06:16.212+0000 INFO  [o.n.k.i.DiagnosticsManager]: org.neo4j.server.properties = conf/neo4j-server.properties
2014-12-09 00:06:16.212+0000 INFO  [o.n.k.i.DiagnosticsManager]: path.separator = :
2014-12-09 00:06:16.212+0000 INFO  [o.n.k.i.DiagnosticsManager]: file.encoding.pkg = sun.io
2014-12-09 00:06:16.212+0000 INFO  [o.n.k.i.DiagnosticsManager]: user.country = US
2014-12-09 00:06:16.212+0000 INFO  [o.n.k.i.DiagnosticsManager]: sun.java.launcher = SUN_STANDARD
2014-12-09 00:06:16.212+0000 INFO  [o.n.k.i.DiagnosticsManager]: sun.os.patch.level = unknown
2014-12-09 00:06:16.212+0000 INFO  [o.n.k.i.DiagnosticsManager]: user.dir = /afs/athena.mit.edu/user/h/a/hasfuraa/830/neo4j-community-2.2.0-M01
2014-12-09 00:06:16.213+0000 INFO  [o.n.k.i.DiagnosticsManager]: log4j.configuration = file:conf/log4j.properties
2014-12-09 00:06:16.213+0000 INFO  [o.n.k.i.DiagnosticsManager]: sun.jnu.encoding = UTF-8
2014-12-09 00:06:16.213+0000 INFO  [o.n.k.i.DiagnosticsManager]: sun.management.compiler = HotSpot 64-Bit Tiered Compilers
2014-12-09 00:06:16.213+0000 INFO  [o.n.k.i.DiagnosticsManager]: user.home = /mit/hasfuraa
2014-12-09 00:06:16.213+0000 INFO  [o.n.k.i.DiagnosticsManager]: user.timezone = America/New_York
2014-12-09 00:06:16.213+0000 INFO  [o.n.k.i.DiagnosticsManager]: file.encoding = UTF-8
2014-12-09 00:06:16.213+0000 INFO  [o.n.k.i.DiagnosticsManager]: user.name = hasfuraa
2014-12-09 00:06:16.213+0000 INFO  [o.n.k.i.DiagnosticsManager]: sun.java.command = org.neo4j.server.Bootstrapper
2014-12-09 00:06:16.213+0000 INFO  [o.n.k.i.DiagnosticsManager]: sun.arch.data.model = 64
2014-12-09 00:06:16.213+0000 INFO  [o.n.k.i.DiagnosticsManager]: user.language = en
2014-12-09 00:06:16.213+0000 INFO  [o.n.k.i.DiagnosticsManager]: awt.toolkit = sun.awt.X11.XToolkit
2014-12-09 00:06:16.213+0000 INFO  [o.n.k.i.DiagnosticsManager]: file.separator = /
2014-12-09 00:06:16.213+0000 INFO  [o.n.k.i.DiagnosticsManager]: sun.io.unicode.encoding = UnicodeLittle
2014-12-09 00:06:16.213+0000 INFO  [o.n.k.i.DiagnosticsManager]: sun.cpu.endian = little
2014-12-09 00:06:16.213+0000 INFO  [o.n.k.i.DiagnosticsManager]: neo4j.instance = /afs/athena.mit.edu/user/h/a/hasfuraa/830/neo4j-community-2.2.0-M01
2014-12-09 00:06:16.213+0000 INFO  [o.n.k.i.DiagnosticsManager]: sun.desktop = gnome
2014-12-09 00:06:16.213+0000 INFO  [o.n.k.i.DiagnosticsManager]: neo4j.home = /afs/athena.mit.edu/user/h/a/hasfuraa/830/neo4j-community-2.2.0-M01
2014-12-09 00:06:16.213+0000 INFO  [o.n.k.i.DiagnosticsManager]: sun.cpu.isalist = 
2014-12-09 00:06:16.213+0000 INFO  [o.n.k.i.DiagnosticsManager]: Linux scheduler information:
2014-12-09 00:06:16.214+0000 INFO  [o.n.k.i.DiagnosticsManager]: noop [deadline] cfq 
2014-12-09 00:06:16.214+0000 INFO  [o.n.k.i.DiagnosticsManager]: noop [deadline] cfq 
2014-12-09 00:06:16.214+0000 INFO  [o.n.k.i.DiagnosticsManager]: none
2014-12-09 00:06:16.214+0000 INFO  [o.n.k.i.DiagnosticsManager]: none
2014-12-09 00:06:16.214+0000 INFO  [o.n.k.i.DiagnosticsManager]: none
2014-12-09 00:06:16.215+0000 INFO  [o.n.k.i.DiagnosticsManager]: none
2014-12-09 00:06:16.215+0000 INFO  [o.n.k.i.DiagnosticsManager]: none
2014-12-09 00:06:16.215+0000 INFO  [o.n.k.i.DiagnosticsManager]: none
2014-12-09 00:06:16.215+0000 INFO  [o.n.k.i.DiagnosticsManager]: none
2014-12-09 00:06:16.215+0000 INFO  [o.n.k.i.DiagnosticsManager]: none
2014-12-09 00:06:16.215+0000 INFO  [o.n.k.i.DiagnosticsManager]: none
2014-12-09 00:06:16.215+0000 INFO  [o.n.k.i.DiagnosticsManager]: none
2014-12-09 00:06:16.215+0000 INFO  [o.n.k.i.DiagnosticsManager]: none
2014-12-09 00:06:16.215+0000 INFO  [o.n.k.i.DiagnosticsManager]: none
2014-12-09 00:06:16.215+0000 INFO  [o.n.k.i.DiagnosticsManager]: none
2014-12-09 00:06:16.215+0000 INFO  [o.n.k.i.DiagnosticsManager]: none
2014-12-09 00:06:16.216+0000 INFO  [o.n.k.i.DiagnosticsManager]: none
2014-12-09 00:06:16.216+0000 INFO  [o.n.k.i.DiagnosticsManager]: none
2014-12-09 00:06:16.216+0000 INFO  [o.n.k.i.DiagnosticsManager]: none
2014-12-09 00:06:16.216+0000 INFO  [o.n.k.i.DiagnosticsManager]: none
2014-12-09 00:06:16.216+0000 INFO  [o.n.k.i.DiagnosticsManager]: none
2014-12-09 00:06:16.216+0000 INFO  [o.n.k.i.DiagnosticsManager]: none
2014-12-09 00:06:16.216+0000 INFO  [o.n.k.i.DiagnosticsManager]: none
2014-12-09 00:06:16.216+0000 INFO  [o.n.k.i.DiagnosticsManager]: none
2014-12-09 00:06:16.216+0000 INFO  [o.n.k.i.DiagnosticsManager]: none
2014-12-09 00:06:16.216+0000 INFO  [o.n.k.i.DiagnosticsManager]: none
2014-12-09 00:06:16.217+0000 INFO  [o.n.k.i.DiagnosticsManager]: none
2014-12-09 00:06:16.217+0000 INFO  [o.n.k.i.DiagnosticsManager]: none
2014-12-09 00:06:16.217+0000 INFO  [o.n.k.i.DiagnosticsManager]: Network information:
2014-12-09 00:06:16.217+0000 INFO  [o.n.k.i.DiagnosticsManager]: Interface em1:
2014-12-09 00:06:16.217+0000 INFO  [o.n.k.i.DiagnosticsManager]:     address: 2001:4830:2446:bb:d01:5598:993:f0cc%2
2014-12-09 00:06:16.218+0000 INFO  [o.n.k.i.DiagnosticsManager]:     address: fe80:0:0:0:ca1f:66ff:feaa:17d3%2
2014-12-09 00:06:16.218+0000 INFO  [o.n.k.i.DiagnosticsManager]:     address: 2001:4830:2446:bb:8ce3:25ba:d443:73e6%2
2014-12-09 00:06:16.218+0000 INFO  [o.n.k.i.DiagnosticsManager]:     address: 2001:4830:2446:bb:ca1f:66ff:feaa:17d3%2
2014-12-09 00:06:16.218+0000 INFO  [o.n.k.i.DiagnosticsManager]:     address: 18.187.0.81
2014-12-09 00:06:16.218+0000 INFO  [o.n.k.i.DiagnosticsManager]: Interface lo:
2014-12-09 00:06:16.218+0000 INFO  [o.n.k.i.DiagnosticsManager]:     address: 0:0:0:0:0:0:0:1%1
2014-12-09 00:06:16.218+0000 INFO  [o.n.k.i.DiagnosticsManager]:     address: 127.0.0.1
2014-12-09 00:06:16.218+0000 INFO  [o.n.k.i.DiagnosticsManager]: --- INITIALIZED diagnostics END ---
2014-12-09 00:06:16.343+0000 INFO  [o.n.k.i.s.StoreFactory]: Creating new db @ /afs/athena.mit.edu/user/h/a/hasfuraa/830/neo4j-community-2.2.0-M01/data/graph.db/neostore
2014-12-09 00:06:16.803+0000 INFO  [o.n.k.NeoStoreDataSource]: Opened logical log [/afs/athena.mit.edu/user/h/a/hasfuraa/830/neo4j-community-2.2.0-M01/data/graph.db/neostore.transaction.db.0] version=0, lastTxId=1 (clean)
2014-12-09 00:06:16.814+0000 INFO  [o.n.k.a.i.i.LuceneLabelScanStore]: No lucene scan store index found, this might just be first use. Preparing to rebuild.
2014-12-09 00:06:16.835+0000 INFO  [o.n.k.a.i.i.LuceneLabelScanStore]: No lucene scan store index found, this might just be first use. Preparing to rebuild.
2014-12-09 00:06:16.887+0000 INFO  [o.n.k.a.i.i.LuceneLabelScanStore]: Rebuilding lucene scan store, this may take a while
2014-12-09 00:06:16.888+0000 INFO  [o.n.k.a.i.i.LuceneLabelScanStore]: Lucene scan store rebuilt (roughly -1 nodes)
2014-12-09 00:06:16.967+0000 INFO  [o.n.k.i.DiagnosticsManager]: --- STARTED diagnostics for KernelDiagnostics:Versions START ---
2014-12-09 00:06:16.967+0000 INFO  [o.n.k.i.DiagnosticsManager]: Graph Database: org.neo4j.kernel.EmbeddedGraphDatabase StoreId{creationTime=1418083576343, randomId=7824864637781153867, storeVersion=14687556271633926, upgradeTime=1418083576343, upgradeId=7824864637781153867}
2014-12-09 00:06:16.967+0000 INFO  [o.n.k.i.DiagnosticsManager]: Kernel version: Neo4j - Import Command Line Tool (neo4j-import-tool), version: 2.2.0-M01
2014-12-09 00:06:16.967+0000 INFO  [o.n.k.i.DiagnosticsManager]: Neo4j component versions:
2014-12-09 00:06:16.973+0000 INFO  [o.n.k.i.DiagnosticsManager]:   Neo4j - Lucene Index (neo4j-lucene-index), version: 2.2.0-M01; revision: 2.2.0-M01:master:480/ecbd09d4165d6625a7f6fc149e0c84bd4a52faa4
2014-12-09 00:06:16.973+0000 INFO  [o.n.k.i.DiagnosticsManager]:   Neo4j - Cypher Compiler 2.1 (neo4j-cypher-compiler-2.1), version: 2.1.6; revision: 2.1.6:2.1-maint:605/0d7f25fc608f15c54ec1a01f4ba4564ebfb1071a
2014-12-09 00:06:16.973+0000 INFO  [o.n.k.i.DiagnosticsManager]:   Neo4j - Consistency Checker (neo4j-consistency-check), version: 2.2.0-M01; revision: 2.2.0-M01:master:480/ecbd09d4165d6625a7f6fc149e0c84bd4a52faa4
2014-12-09 00:06:16.973+0000 INFO  [o.n.k.i.DiagnosticsManager]:   Neo4j - Cypher Compiler 2.0 (neo4j-cypher-compiler-2.0), version: 2.0.4; revision: 2.0.4:2.0-maint:130/4a7d10bc274a5d26a180bbe9df25100e8a694748
2014-12-09 00:06:16.973+0000 INFO  [o.n.k.i.DiagnosticsManager]:   Neo4j - Cypher Compiler 2.2 (neo4j-cypher-compiler-2.2), version: 2.2.0-M01; revision: 2.2.0-M01:master:480/ecbd09d4165d6625a7f6fc149e0c84bd4a52faa4
2014-12-09 00:06:16.973+0000 INFO  [o.n.k.i.DiagnosticsManager]:   Neo4j - Graph Algorithms (neo4j-graph-algo), version: 2.2.0-M01; revision: 2.2.0-M01:master:480/ecbd09d4165d6625a7f6fc149e0c84bd4a52faa4
2014-12-09 00:06:16.974+0000 INFO  [o.n.k.i.DiagnosticsManager]:   Neo4j - Cypher Compiler 1.9 (neo4j-cypher-compiler-1.9), version: 2.0.4; revision: 2.0.4:2.0-maint:130/4a7d10bc274a5d26a180bbe9df25100e8a694748
2014-12-09 00:06:16.974+0000 INFO  [o.n.k.i.DiagnosticsManager]:   neo4j-udc, version: 2.2.0-M01; revision: 2.2.0-M01:master:480/ecbd09d4165d6625a7f6fc149e0c84bd4a52faa4
2014-12-09 00:06:16.974+0000 INFO  [o.n.k.i.DiagnosticsManager]:   Neo4j - JMX support (neo4j-jmx), version: 2.2.0-M01; revision: 2.2.0-M01:master:480/ecbd09d4165d6625a7f6fc149e0c84bd4a52faa4
2014-12-09 00:06:16.974+0000 INFO  [o.n.k.i.DiagnosticsManager]:   Neo4j - Graph Matching (neo4j-graph-matching), version: 2.2.0-M01; revision: 2.2.0-M01:master:480/ecbd09d4165d6625a7f6fc149e0c84bd4a52faa4
2014-12-09 00:06:16.974+0000 INFO  [o.n.k.i.DiagnosticsManager]:   Neo4j - Server API (server-api), version: 2.2.0-M01; revision: 2.2.0-M01:master:480/ecbd09d4165d6625a7f6fc149e0c84bd4a52faa4
2014-12-09 00:06:16.974+0000 INFO  [o.n.k.i.DiagnosticsManager]:   Neo4j - Server Examples (neo4j-server-examples), version: 2.2-SNAPSHOT (revision: 2.2-SNAPSHOT:${git.commit.id.branch}:${git.commit.id}); revision: 2.2-SNAPSHOT:${git.commit.id.branch}:${git.commit.id}
2014-12-09 00:06:16.974+0000 INFO  [o.n.k.i.DiagnosticsManager]:   Neo4j - Cypher (neo4j-cypher), version: 2.2.0-M01; revision: 2.2.0-M01:master:480/ecbd09d4165d6625a7f6fc149e0c84bd4a52faa4
2014-12-09 00:06:16.974+0000 INFO  [o.n.k.i.DiagnosticsManager]:   Neo4j - Import Command Line Tool (neo4j-import-tool), version: 2.2.0-M01; revision: 2.2.0-M01:master:480/ecbd09d4165d6625a7f6fc149e0c84bd4a52faa4
2014-12-09 00:06:16.974+0000 INFO  [o.n.k.i.DiagnosticsManager]:   Neo4j - Server (neo4j-server), version: 2.2.0-M01; revision: 2.2.0-M01:master:480/ecbd09d4165d6625a7f6fc149e0c84bd4a52faa4
2014-12-09 00:06:16.974+0000 INFO  [o.n.k.i.DiagnosticsManager]:   Neo4j - Generic shell (neo4j-shell), version: 2.2.0-M01; revision: 2.2.0-M01:master:480/ecbd09d4165d6625a7f6fc149e0c84bd4a52faa4
2014-12-09 00:06:16.974+0000 INFO  [o.n.k.i.DiagnosticsManager]: --- STARTED diagnostics for KernelDiagnostics:Versions END ---
2014-12-09 00:06:16.975+0000 INFO  [o.n.k.i.DiagnosticsManager]: --- STARTED diagnostics for NEO_STORE_VERSIONS START ---
2014-12-09 00:06:16.975+0000 INFO  [o.n.k.i.DiagnosticsManager]: Store versions:
2014-12-09 00:06:16.976+0000 INFO  [o.n.k.i.DiagnosticsManager]: Store versions:
2014-12-09 00:06:16.976+0000 INFO  [o.n.k.i.DiagnosticsManager]:   NeoStore v0.A.4
2014-12-09 00:06:16.976+0000 INFO  [o.n.k.i.DiagnosticsManager]:   SchemaStore v0.A.4
2014-12-09 00:06:16.976+0000 INFO  [o.n.k.i.DiagnosticsManager]:   NodeStore v0.A.4
2014-12-09 00:06:16.976+0000 INFO  [o.n.k.i.DiagnosticsManager]:   RelationshipStore v0.A.4
2014-12-09 00:06:16.976+0000 INFO  [o.n.k.i.DiagnosticsManager]:   RelationshipTypeStore v0.A.4
2014-12-09 00:06:16.976+0000 INFO  [o.n.k.i.DiagnosticsManager]:   LabelTokenStore v0.A.4
2014-12-09 00:06:16.976+0000 INFO  [o.n.k.i.DiagnosticsManager]:   PropertyStore v0.A.4
2014-12-09 00:06:16.976+0000 INFO  [o.n.k.i.DiagnosticsManager]:   PropertyIndexStore v0.A.4
2014-12-09 00:06:16.976+0000 INFO  [o.n.k.i.DiagnosticsManager]:   StringPropertyStore v0.A.4
2014-12-09 00:06:16.976+0000 INFO  [o.n.k.i.DiagnosticsManager]:   ArrayPropertyStore v0.A.4
2014-12-09 00:06:16.976+0000 INFO  [o.n.k.i.DiagnosticsManager]:   RelationshipGroupStore v0.A.4
2014-12-09 00:06:16.976+0000 INFO  [o.n.k.i.DiagnosticsManager]: --- STARTED diagnostics for NEO_STORE_VERSIONS END ---
2014-12-09 00:06:16.976+0000 INFO  [o.n.k.i.DiagnosticsManager]: --- STARTED diagnostics for NEO_STORE_ID_USAGE START ---
2014-12-09 00:06:16.976+0000 INFO  [o.n.k.i.DiagnosticsManager]: Id usage:
2014-12-09 00:06:16.976+0000 INFO  [o.n.k.i.DiagnosticsManager]: Id usage:
2014-12-09 00:06:16.976+0000 INFO  [o.n.k.i.DiagnosticsManager]:   SchemaStore: used=1 high=0
2014-12-09 00:06:16.976+0000 INFO  [o.n.k.i.DiagnosticsManager]:   NodeStore: used=0 high=-1
2014-12-09 00:06:16.976+0000 INFO  [o.n.k.i.DiagnosticsManager]:   RelationshipStore: used=0 high=-1
2014-12-09 00:06:16.976+0000 INFO  [o.n.k.i.DiagnosticsManager]:   RelationshipTypeStore: used=0 high=-1
2014-12-09 00:06:16.977+0000 INFO  [o.n.k.i.DiagnosticsManager]:   LabelTokenStore: used=0 high=-1
2014-12-09 00:06:16.977+0000 INFO  [o.n.k.i.DiagnosticsManager]:   PropertyStore: used=0 high=-1
2014-12-09 00:06:16.977+0000 INFO  [o.n.k.i.DiagnosticsManager]:   PropertyIndexStore: used=0 high=-1
2014-12-09 00:06:16.977+0000 INFO  [o.n.k.i.DiagnosticsManager]:   StringPropertyStore: used=1 high=0
2014-12-09 00:06:16.977+0000 INFO  [o.n.k.i.DiagnosticsManager]:   ArrayPropertyStore: used=1 high=0
2014-12-09 00:06:16.982+0000 INFO  [o.n.k.i.DiagnosticsManager]:   RelationshipGroupStore: used=1 high=0
2014-12-09 00:06:16.982+0000 INFO  [o.n.k.i.DiagnosticsManager]: --- STARTED diagnostics for NEO_STORE_ID_USAGE END ---
2014-12-09 00:06:16.983+0000 INFO  [o.n.k.i.DiagnosticsManager]: --- STARTED diagnostics for KernelDiagnostics:StoreFiles START ---
2014-12-09 00:06:16.983+0000 INFO  [o.n.k.i.DiagnosticsManager]: Disk space on partition (Total / Free / Free %): 2199023254528 / 2199023254528 / 100
Storage files: (filename : modification date - size)
2014-12-09 00:06:16.984+0000 INFO  [o.n.k.i.DiagnosticsManager]:   index:
2014-12-09 00:06:16.984+0000 INFO  [o.n.k.i.DiagnosticsManager]:   - Total: 2014-12-08T19:06:16-0500 - 0.00 B
2014-12-09 00:06:16.984+0000 INFO  [o.n.k.i.DiagnosticsManager]:   lock: 2014-12-08T19:06:16-0500 - 0.00 B
2014-12-09 00:06:16.984+0000 INFO  [o.n.k.i.DiagnosticsManager]:   messages.log: 2014-12-08T19:06:16-0500 - 35.14 kB
2014-12-09 00:06:16.985+0000 INFO  [o.n.k.i.DiagnosticsManager]:   neostore: 2014-12-08T19:06:16-0500 - 81.00 B
2014-12-09 00:06:16.985+0000 INFO  [o.n.k.i.DiagnosticsManager]:   neostore.counts.db.alpha: 2014-12-08T19:06:16-0500 - 8.00 kB
2014-12-09 00:06:16.985+0000 INFO  [o.n.k.i.DiagnosticsManager]:   neostore.counts.db.beta: 2014-12-08T19:06:16-0500 - 8.00 kB
2014-12-09 00:06:16.985+0000 INFO  [o.n.k.i.DiagnosticsManager]:   neostore.id: 2014-12-08T19:06:16-0500 - 9.00 B
2014-12-09 00:06:16.985+0000 INFO  [o.n.k.i.DiagnosticsManager]:   neostore.labeltokenstore.db: 2014-12-08T19:06:16-0500 - 0.00 B
2014-12-09 00:06:16.985+0000 INFO  [o.n.k.i.DiagnosticsManager]:   neostore.labeltokenstore.db.id: 2014-12-08T19:06:16-0500 - 9.00 B
2014-12-09 00:06:16.986+0000 INFO  [o.n.k.i.DiagnosticsManager]:   neostore.labeltokenstore.db.names: 2014-12-08T19:06:16-0500 - 38.00 B
2014-12-09 00:06:16.986+0000 INFO  [o.n.k.i.DiagnosticsManager]:   neostore.labeltokenstore.db.names.id: 2014-12-08T19:06:16-0500 - 9.00 B
2014-12-09 00:06:16.986+0000 INFO  [o.n.k.i.DiagnosticsManager]:   neostore.nodestore.db: 2014-12-08T19:06:16-0500 - 0.00 B
2014-12-09 00:06:16.986+0000 INFO  [o.n.k.i.DiagnosticsManager]:   neostore.nodestore.db.id: 2014-12-08T19:06:16-0500 - 9.00 B
2014-12-09 00:06:16.986+0000 INFO  [o.n.k.i.DiagnosticsManager]:   neostore.nodestore.db.labels: 2014-12-08T19:06:16-0500 - 68.00 B
2014-12-09 00:06:16.987+0000 INFO  [o.n.k.i.DiagnosticsManager]:   neostore.nodestore.db.labels.id: 2014-12-08T19:06:16-0500 - 9.00 B
2014-12-09 00:06:16.987+0000 INFO  [o.n.k.i.DiagnosticsManager]:   neostore.propertystore.db: 2014-12-08T19:06:16-0500 - 0.00 B
2014-12-09 00:06:16.987+0000 INFO  [o.n.k.i.DiagnosticsManager]:   neostore.propertystore.db.arrays: 2014-12-08T19:06:16-0500 - 128.00 B
2014-12-09 00:06:16.987+0000 INFO  [o.n.k.i.DiagnosticsManager]:   neostore.propertystore.db.arrays.id: 2014-12-08T19:06:16-0500 - 9.00 B
2014-12-09 00:06:16.988+0000 INFO  [o.n.k.i.DiagnosticsManager]:   neostore.propertystore.db.id: 2014-12-08T19:06:16-0500 - 9.00 B
2014-12-09 00:06:16.988+0000 INFO  [o.n.k.i.DiagnosticsManager]:   neostore.propertystore.db.index: 2014-12-08T19:06:16-0500 - 0.00 B
2014-12-09 00:06:16.988+0000 INFO  [o.n.k.i.DiagnosticsManager]:   neostore.propertystore.db.index.id: 2014-12-08T19:06:16-0500 - 9.00 B
2014-12-09 00:06:16.988+0000 INFO  [o.n.k.i.DiagnosticsManager]:   neostore.propertystore.db.index.keys: 2014-12-08T19:06:16-0500 - 38.00 B
2014-12-09 00:06:16.988+0000 INFO  [o.n.k.i.DiagnosticsManager]:   neostore.propertystore.db.index.keys.id: 2014-12-08T19:06:16-0500 - 9.00 B
2014-12-09 00:06:16.989+0000 INFO  [o.n.k.i.DiagnosticsManager]:   neostore.propertystore.db.strings: 2014-12-08T19:06:16-0500 - 128.00 B
2014-12-09 00:06:16.989+0000 INFO  [o.n.k.i.DiagnosticsManager]:   neostore.propertystore.db.strings.id: 2014-12-08T19:06:16-0500 - 9.00 B
2014-12-09 00:06:16.989+0000 INFO  [o.n.k.i.DiagnosticsManager]:   neostore.relationshipgroupstore.db: 2014-12-08T19:06:16-0500 - 25.00 B
2014-12-09 00:06:16.989+0000 INFO  [o.n.k.i.DiagnosticsManager]:   neostore.relationshipgroupstore.db.id: 2014-12-08T19:06:16-0500 - 9.00 B
2014-12-09 00:06:16.989+0000 INFO  [o.n.k.i.DiagnosticsManager]:   neostore.relationshipstore.db: 2014-12-08T19:06:16-0500 - 0.00 B
2014-12-09 00:06:16.989+0000 INFO  [o.n.k.i.DiagnosticsManager]:   neostore.relationshipstore.db.id: 2014-12-08T19:06:16-0500 - 9.00 B
2014-12-09 00:06:16.990+0000 INFO  [o.n.k.i.DiagnosticsManager]:   neostore.relationshiptypestore.db: 2014-12-08T19:06:16-0500 - 0.00 B
2014-12-09 00:06:16.990+0000 INFO  [o.n.k.i.DiagnosticsManager]:   neostore.relationshiptypestore.db.id: 2014-12-08T19:06:16-0500 - 9.00 B
2014-12-09 00:06:16.990+0000 INFO  [o.n.k.i.DiagnosticsManager]:   neostore.relationshiptypestore.db.names: 2014-12-08T19:06:16-0500 - 38.00 B
2014-12-09 00:06:16.990+0000 INFO  [o.n.k.i.DiagnosticsManager]:   neostore.relationshiptypestore.db.names.id: 2014-12-08T19:06:16-0500 - 9.00 B
2014-12-09 00:06:16.990+0000 INFO  [o.n.k.i.DiagnosticsManager]:   neostore.schemastore.db: 2014-12-08T19:06:16-0500 - 64.00 B
2014-12-09 00:06:16.991+0000 INFO  [o.n.k.i.DiagnosticsManager]:   neostore.schemastore.db.id: 2014-12-08T19:06:16-0500 - 9.00 B
2014-12-09 00:06:16.991+0000 INFO  [o.n.k.i.DiagnosticsManager]:   neostore.transaction.db.0: 2014-12-08T19:06:16-0500 - 16.00 B
2014-12-09 00:06:16.991+0000 INFO  [o.n.k.i.DiagnosticsManager]:   schema:
2014-12-09 00:06:16.991+0000 INFO  [o.n.k.i.DiagnosticsManager]:     label:
2014-12-09 00:06:16.991+0000 INFO  [o.n.k.i.DiagnosticsManager]:       lucene:
2014-12-09 00:06:16.991+0000 INFO  [o.n.k.i.DiagnosticsManager]:         write.lock: 2014-12-08T19:06:16-0500 - 0.00 B
2014-12-09 00:06:16.991+0000 INFO  [o.n.k.i.DiagnosticsManager]:       - Total: 2014-12-08T19:06:16-0500 - 0.00 B
2014-12-09 00:06:16.992+0000 INFO  [o.n.k.i.DiagnosticsManager]:     - Total: 2014-12-08T19:06:16-0500 - 0.00 B
2014-12-09 00:06:16.993+0000 INFO  [o.n.k.i.DiagnosticsManager]:   - Total: 2014-12-08T18:43:11-0500 - 0.00 B
2014-12-09 00:06:16.993+0000 INFO  [o.n.k.i.DiagnosticsManager]:   store_lock: 2014-12-08T19:06:16-0500 - 0.00 B
2014-12-09 00:06:16.993+0000 INFO  [o.n.k.i.DiagnosticsManager]: --- STARTED diagnostics for KernelDiagnostics:StoreFiles END ---
2014-12-09 00:06:17.017+0000 INFO  [o.n.k.EmbeddedGraphDatabase]: Database is now ready
2014-12-09 00:06:17.293+0000 INFO  [o.n.s.d.LifecycleManagingDatabase]: Successfully started database
2014-12-09 00:06:17.832+0000 INFO  [o.n.k.i.DiagnosticsManager]: --- SERVER STARTED START ---
2014-12-09 00:06:17.895+0000 INFO  [o.n.s.CommunityNeoServer]: Starting HTTP on port :7474 with 4 threads available
2014-12-09 00:06:17.992+0000 INFO  [o.n.s.CommunityNeoServer]: Enabling HTTPS on port :7473
2014-12-09 00:06:18.089+0000 INFO  [o.n.s.p.PluginManager]: Loaded server plugin "GetAll"
2014-12-09 00:06:18.090+0000 INFO  [o.n.s.p.PluginManager]:   GraphDatabaseService.get_all_nodes: Get all nodes from the Neo4j graph database
2014-12-09 00:06:18.090+0000 INFO  [o.n.s.p.PluginManager]:   GraphDatabaseService.getAllRelationships: Get all relationships from the Neo4j graph database
2014-12-09 00:06:18.090+0000 INFO  [o.n.s.p.PluginManager]: Loaded server plugin "ShortestPath"
2014-12-09 00:06:18.090+0000 INFO  [o.n.s.p.PluginManager]:   Node.shortestPath: Find the shortest path between two nodes.
2014-12-09 00:06:18.090+0000 INFO  [o.n.s.p.PluginManager]: Loaded server plugin "DepthTwo"
2014-12-09 00:06:18.090+0000 INFO  [o.n.s.p.PluginManager]:   Node.nodesOnDepthTwo: Traverse depth two and return the end nodes
2014-12-09 00:06:18.090+0000 INFO  [o.n.s.p.PluginManager]:   Node.pathsOnDepthTwo: Traverse depth two and return the paths
2014-12-09 00:06:18.090+0000 INFO  [o.n.s.p.PluginManager]:   Node.relationshipsOnDepthTwo: Traverse depth two and return the last relationships
2014-12-09 00:06:18.090+0000 INFO  [o.n.s.p.PluginManager]: Loaded server plugin "Centrality"
2014-12-09 00:06:18.090+0000 INFO  [o.n.s.p.PluginManager]:   GraphDatabaseService.widest_paths: Get the widest paths
2014-12-09 00:06:18.091+0000 INFO  [o.n.s.p.PluginManager]:   GraphDatabaseService.graph_center: Get the 'center' of the graph
2014-12-09 00:06:18.091+0000 INFO  [o.n.s.p.PluginManager]: Loaded server plugin "HelloWorldWideWebb"
2014-12-09 00:06:18.091+0000 INFO  [o.n.s.p.PluginManager]:   GraphDatabaseService.hello_world_wide_webb: Retrieve a friendly greeting from your project partner :).
2014-12-09 00:06:18.125+0000 INFO  [o.n.s.w.Jetty9WebServer]: Mounting static content at [/webadmin] from [webadmin-html]
2014-12-09 00:06:18.150+0000 INFO  [o.n.s.w.Jetty9WebServer]: Mounting static content at [/browser] from [browser]
2014-12-09 00:06:18.804+0000 INFO  [o.n.s.CommunityNeoServer]: Server started on: http://localhost:7474/
2014-12-09 00:06:18.804+0000 INFO  [o.n.s.CommunityNeoServer]: Remote interface ready and available at [http://localhost:7474/]
2014-12-09 00:06:18.804+0000 INFO  [o.n.k.i.DiagnosticsManager]: --- SERVER STARTED END ---
2014-12-09 00:06:25.286+0000 INFO  [o.n.s.CommunityBootstrapper]: Neo4j Server shutdown initiated by request
2014-12-09 00:06:25.446+0000 INFO  [o.n.s.CommunityNeoServer]: Successfully shutdown Neo4j Server.
2014-12-09 00:06:25.446+0000 INFO  [o.n.k.EmbeddedGraphDatabase]: Shutdown started
2014-12-09 00:06:25.446+0000 INFO  [o.n.k.EmbeddedGraphDatabase]: Database is now unavailable
2014-12-09 00:06:25.620+0000 INFO  [o.n.k.NeoStoreDataSource]: NeoStore closed
2014-12-09 00:06:25.620+0000 INFO  [o.n.k.i.DiagnosticsManager]: --- STOPPING diagnostics START ---
2014-12-09 00:06:25.620+0000 INFO  [o.n.k.i.DiagnosticsManager]: --- STOPPING diagnostics END ---
2014-12-09 00:06:25.629+0000 INFO  [o.n.s.d.LifecycleManagingDatabase]: Successfully stopped database
2014-12-09 00:06:25.629+0000 INFO  [o.n.s.CommunityNeoServer]: Successfully shutdown database.
