2014-12-07 18:54:24.275+0000 INFO  [o.n.s.CommunityBootstrapper]: No database tuning file explicitly set, defaulting to [/Users/JustinHelbert/830/830/neo4j-master/community/server/neo4j-home/conf/neo4j.properties]
2014-12-07 18:54:24.334+0000 INFO  [o.n.s.CommunityNeoServer]: Setting startup timeout to: 120000ms based on 120000
2014-12-07 18:54:24.451+0000 INFO  [o.n.k.InternalAbstractGraphDatabase]: No locking implementation specified, defaulting to 'community'
2014-12-07 18:54:24.527+0000 INFO  [o.n.k.i.DiagnosticsManager]: --- INITIALIZED diagnostics START ---
2014-12-07 18:54:24.529+0000 INFO  [o.n.k.i.DiagnosticsManager]: Neo4j Kernel properties:
2014-12-07 18:54:24.532+0000 INFO  [o.n.k.i.DiagnosticsManager]: allow_store_upgrade=true
2014-12-07 18:54:24.532+0000 INFO  [o.n.k.i.DiagnosticsManager]: store_dir=/Users/JustinHelbert/830/830/neo4j-master/community/server/neo4j-home/data
2014-12-07 18:54:24.533+0000 INFO  [o.n.k.i.DiagnosticsManager]: remote_shell_enabled=true
2014-12-07 18:54:24.534+0000 INFO  [o.n.k.i.DiagnosticsManager]: Diagnostics providers:
2014-12-07 18:54:24.534+0000 INFO  [o.n.k.i.DiagnosticsManager]: org.neo4j.kernel.configuration.Config
2014-12-07 18:54:24.534+0000 INFO  [o.n.k.i.DiagnosticsManager]: org.neo4j.kernel.info.DiagnosticsManager
2014-12-07 18:54:24.534+0000 INFO  [o.n.k.i.DiagnosticsManager]: SYSTEM_MEMORY
2014-12-07 18:54:24.534+0000 INFO  [o.n.k.i.DiagnosticsManager]: JAVA_MEMORY
2014-12-07 18:54:24.534+0000 INFO  [o.n.k.i.DiagnosticsManager]: OPERATING_SYSTEM
2014-12-07 18:54:24.534+0000 INFO  [o.n.k.i.DiagnosticsManager]: JAVA_VIRTUAL_MACHINE
2014-12-07 18:54:24.534+0000 INFO  [o.n.k.i.DiagnosticsManager]: CLASSPATH
2014-12-07 18:54:24.534+0000 INFO  [o.n.k.i.DiagnosticsManager]: LIBRARY_PATH
2014-12-07 18:54:24.534+0000 INFO  [o.n.k.i.DiagnosticsManager]: SYSTEM_PROPERTIES
2014-12-07 18:54:24.534+0000 INFO  [o.n.k.i.DiagnosticsManager]: NETWORK
2014-12-07 18:54:24.534+0000 INFO  [o.n.k.i.DiagnosticsManager]: System memory information:
2014-12-07 18:54:24.536+0000 INFO  [o.n.k.i.DiagnosticsManager]: Total Physical memory: 16.00 GB
2014-12-07 18:54:24.536+0000 INFO  [o.n.k.i.DiagnosticsManager]: Free Physical memory: 3.32 GB
2014-12-07 18:54:24.537+0000 INFO  [o.n.k.i.DiagnosticsManager]: Committed virtual memory: 6.75 GB
2014-12-07 18:54:24.537+0000 INFO  [o.n.k.i.DiagnosticsManager]: Total swap space: 3.00 GB
2014-12-07 18:54:24.538+0000 INFO  [o.n.k.i.DiagnosticsManager]: Free swap space: 847.75 MB
2014-12-07 18:54:24.538+0000 INFO  [o.n.k.i.DiagnosticsManager]: JVM memory information:
2014-12-07 18:54:24.538+0000 INFO  [o.n.k.i.DiagnosticsManager]: Free  memory: 186.44 MB
2014-12-07 18:54:24.538+0000 INFO  [o.n.k.i.DiagnosticsManager]: Total memory: 247.50 MB
2014-12-07 18:54:24.538+0000 INFO  [o.n.k.i.DiagnosticsManager]: Max   memory: 3.56 GB
2014-12-07 18:54:24.540+0000 INFO  [o.n.k.i.DiagnosticsManager]: Garbage Collector: PS Scavenge: [PS Eden Space, PS Survivor Space]
2014-12-07 18:54:24.540+0000 INFO  [o.n.k.i.DiagnosticsManager]: Garbage Collector: PS MarkSweep: [PS Eden Space, PS Survivor Space, PS Old Gen, PS Perm Gen]
2014-12-07 18:54:24.542+0000 INFO  [o.n.k.i.DiagnosticsManager]: Memory Pool: Code Cache (Non-heap memory): committed=2.44 MB, used=2.08 MB, max=48.00 MB, threshold=0.00 B
2014-12-07 18:54:24.542+0000 INFO  [o.n.k.i.DiagnosticsManager]: Memory Pool: PS Eden Space (Heap memory): committed=61.00 MB, used=35.50 MB, max=1.30 GB, threshold=?
2014-12-07 18:54:24.542+0000 INFO  [o.n.k.i.DiagnosticsManager]: Memory Pool: PS Survivor Space (Heap memory): committed=16.00 MB, used=15.99 MB, max=16.00 MB, threshold=?
2014-12-07 18:54:24.542+0000 INFO  [o.n.k.i.DiagnosticsManager]: Memory Pool: PS Old Gen (Heap memory): committed=170.50 MB, used=9.57 MB, max=2.67 GB, threshold=0.00 B
2014-12-07 18:54:24.543+0000 INFO  [o.n.k.i.DiagnosticsManager]: Memory Pool: PS Perm Gen (Non-heap memory): committed=26.00 MB, used=25.62 MB, max=82.00 MB, threshold=0.00 B
2014-12-07 18:54:24.543+0000 INFO  [o.n.k.i.DiagnosticsManager]: Operating system information:
2014-12-07 18:54:24.544+0000 INFO  [o.n.k.i.DiagnosticsManager]: Operating System: Mac OS X; version: 10.9.5; arch: x86_64; cpus: 8
2014-12-07 18:54:24.544+0000 INFO  [o.n.k.i.DiagnosticsManager]: Max number of file descriptors: 10240
2014-12-07 18:54:24.545+0000 INFO  [o.n.k.i.DiagnosticsManager]: Number of open file descriptors: 229
2014-12-07 18:54:24.545+0000 INFO  [o.n.k.i.DiagnosticsManager]: Process id: 62101@Justin-Helberts-MacBook-Pro.local
2014-12-07 18:54:24.545+0000 INFO  [o.n.k.i.DiagnosticsManager]: Byte order: LITTLE_ENDIAN
2014-12-07 18:54:24.545+0000 INFO  [o.n.k.i.DiagnosticsManager]: Local timezone: America/New_York
2014-12-07 18:54:24.545+0000 INFO  [o.n.k.i.DiagnosticsManager]: JVM information:
2014-12-07 18:54:24.545+0000 INFO  [o.n.k.i.DiagnosticsManager]: VM Name: Java HotSpot(TM) 64-Bit Server VM
2014-12-07 18:54:24.545+0000 INFO  [o.n.k.i.DiagnosticsManager]: VM Vendor: Oracle Corporation
2014-12-07 18:54:24.545+0000 INFO  [o.n.k.i.DiagnosticsManager]: VM Version: 24.71-b01
2014-12-07 18:54:24.545+0000 INFO  [o.n.k.i.DiagnosticsManager]: JIT compiler: HotSpot 64-Bit Tiered Compilers
2014-12-07 18:54:24.546+0000 INFO  [o.n.k.i.DiagnosticsManager]: VM Arguments: [-Dclassworlds.conf=/usr/local/Cellar/maven/3.2.3/libexec/bin/m2.conf, -Dmaven.home=/usr/local/Cellar/maven/3.2.3/libexec]
2014-12-07 18:54:24.546+0000 INFO  [o.n.k.i.DiagnosticsManager]: Java classpath:
2014-12-07 18:54:24.551+0000 INFO  [o.n.k.i.DiagnosticsManager]:  [loader.0] file:/Users/JustinHelbert/.m2/repository/org/powermock/powermock-reflect/1.5.5/powermock-reflect-1.5.5.jar
2014-12-07 18:54:24.552+0000 INFO  [o.n.k.i.DiagnosticsManager]:  [loader.0] file:/Users/JustinHelbert/.m2/repository/org/scala-lang/scala-library/2.10.4/scala-library-2.10.4.jar
2014-12-07 18:54:24.552+0000 INFO  [o.n.k.i.DiagnosticsManager]:  [loader.0] file:/Users/JustinHelbert/.m2/repository/org/codehaus/jackson/jackson-jaxrs/1.9.13/jackson-jaxrs-1.9.13.jar
2014-12-07 18:54:24.552+0000 INFO  [o.n.k.i.DiagnosticsManager]:  [loader.0] file:/Users/JustinHelbert/.m2/repository/junit/junit/4.11/junit-4.11.jar
2014-12-07 18:54:24.552+0000 INFO  [o.n.k.i.DiagnosticsManager]:  [loader.0] file:/Users/JustinHelbert/.m2/repository/org/eclipse/jetty/jetty-server/9.2.1.v20140609/jetty-server-9.2.1.v20140609.jar
2014-12-07 18:54:24.552+0000 INFO  [o.n.k.i.DiagnosticsManager]:  [loader.0] file:/Users/JustinHelbert/.m2/repository/ch/qos/logback/logback-core/1.1.2/logback-core-1.1.2.jar
2014-12-07 18:54:24.552+0000 INFO  [o.n.k.i.DiagnosticsManager]:  [loader.2] file:/System/Library/Java/Extensions/vecmath.jar
2014-12-07 18:54:24.552+0000 INFO  [o.n.k.i.DiagnosticsManager]:  [loader.0] file:/Users/JustinHelbert/.m2/repository/org/slf4j/slf4j-api/1.7.7/slf4j-api-1.7.7.jar
2014-12-07 18:54:24.552+0000 INFO  [o.n.k.i.DiagnosticsManager]:  [loader.0] file:/Users/JustinHelbert/.m2/repository/org/rrd4j/rrd4j/2.2/rrd4j-2.2.jar
2014-12-07 18:54:24.552+0000 INFO  [o.n.k.i.DiagnosticsManager]:  [loader.0] file:/Users/JustinHelbert/.m2/repository/org/codehaus/jackson/jackson-mapper-asl/1.9.13/jackson-mapper-asl-1.9.13.jar
2014-12-07 18:54:24.552+0000 INFO  [o.n.k.i.DiagnosticsManager]:  [loader.0] file:/Users/JustinHelbert/.m2/repository/org/apache/commons/commons-exec/1.1/commons-exec-1.1.jar
2014-12-07 18:54:24.552+0000 INFO  [o.n.k.i.DiagnosticsManager]:  [loader.0] file:/Users/JustinHelbert/.m2/repository/org/javassist/javassist/3.18.2-GA/javassist-3.18.2-GA.jar
2014-12-07 18:54:24.552+0000 INFO  [o.n.k.i.DiagnosticsManager]:  [loader.0] file:/Users/JustinHelbert/.m2/repository/org/eclipse/jetty/jetty-security/9.2.1.v20140609/jetty-security-9.2.1.v20140609.jar
2014-12-07 18:54:24.552+0000 INFO  [o.n.k.i.DiagnosticsManager]:  [bootstrap] /Library/Java/JavaVirtualMachines/jdk1.7.0_71.jdk/Contents/Home/jre/lib/resources.jar
2014-12-07 18:54:24.552+0000 INFO  [o.n.k.i.DiagnosticsManager]:  [loader.0] file:/Users/JustinHelbert/.m2/repository/org/hamcrest/hamcrest-all/1.3/hamcrest-all-1.3.jar
2014-12-07 18:54:24.552+0000 INFO  [o.n.k.i.DiagnosticsManager]:  [loader.0] file:/Users/JustinHelbert/.m2/repository/ch/qos/logback/logback-classic/1.1.2/logback-classic-1.1.2.jar
2014-12-07 18:54:24.552+0000 INFO  [o.n.k.i.DiagnosticsManager]:  [loader.0] file:/Users/JustinHelbert/.m2/repository/org/seleniumhq/selenium/selenium-api/2.42.2/selenium-api-2.42.2.jar
2014-12-07 18:54:24.552+0000 INFO  [o.n.k.i.DiagnosticsManager]:  [loader.0] file:/Users/JustinHelbert/.m2/repository/org/mockito/mockito-all/1.9.5/mockito-all-1.9.5.jar
2014-12-07 18:54:24.552+0000 INFO  [o.n.k.i.DiagnosticsManager]:  [loader.2] file:/Library/Java/JavaVirtualMachines/jdk1.7.0_71.jdk/Contents/Home/jre/lib/ext/sunjce_provider.jar
2014-12-07 18:54:24.552+0000 INFO  [o.n.k.i.DiagnosticsManager]:  [loader.2] file:/System/Library/Java/Extensions/libJ3D.jnilib
2014-12-07 18:54:24.552+0000 INFO  [o.n.k.i.DiagnosticsManager]:  [loader.0] file:/Users/JustinHelbert/.m2/repository/net/java/dev/jna/jna/3.4.0/jna-3.4.0.jar
2014-12-07 18:54:24.552+0000 INFO  [o.n.k.i.DiagnosticsManager]:  [loader.0] file:/Users/JustinHelbert/.m2/repository/org/parboiled/parboiled-scala_2.10/1.1.6/parboiled-scala_2.10-1.1.6.jar
2014-12-07 18:54:24.552+0000 INFO  [o.n.k.i.DiagnosticsManager]:  [loader.0] file:/Users/JustinHelbert/.m2/repository/commons-digester/commons-digester/2.1/commons-digester-2.1.jar
2014-12-07 18:54:24.552+0000 INFO  [o.n.k.i.DiagnosticsManager]:  [loader.2] file:/System/Library/Java/Extensions/QTJava.zip
2014-12-07 18:54:24.552+0000 INFO  [o.n.k.i.DiagnosticsManager]:  [bootstrap] /Library/Java/JavaVirtualMachines/jdk1.7.0_71.jdk/Contents/Home/jre/lib/charsets.jar
2014-12-07 18:54:24.552+0000 INFO  [o.n.k.i.DiagnosticsManager]:  [loader.0] file:/Users/JustinHelbert/.m2/repository/org/objenesis/objenesis/1.0/objenesis-1.0.jar
2014-12-07 18:54:24.552+0000 INFO  [o.n.k.i.DiagnosticsManager]:  [loader.0] file:/Users/JustinHelbert/.m2/repository/org/eclipse/jetty/jetty-util/9.2.1.v20140609/jetty-util-9.2.1.v20140609.jar
2014-12-07 18:54:24.552+0000 INFO  [o.n.k.i.DiagnosticsManager]:  [loader.0] file:/Users/JustinHelbert/.m2/repository/org/apache/lucene/lucene-core/3.6.2/lucene-core-3.6.2.jar
2014-12-07 18:54:24.552+0000 INFO  [o.n.k.i.DiagnosticsManager]:  [loader.0] file:/Users/JustinHelbert/.m2/repository/org/neo4j/neo4j-cypher-compiler-2.2/2.2-SNAPSHOT/neo4j-cypher-compiler-2.2-2.2-SNAPSHOT.jar
2014-12-07 18:54:24.552+0000 INFO  [o.n.k.i.DiagnosticsManager]:  [loader.2] file:/System/Library/Java/Extensions/j3daudio.jar
2014-12-07 18:54:24.552+0000 INFO  [o.n.k.i.DiagnosticsManager]:  [loader.0] file:/Users/JustinHelbert/830/830/neo4j-master/community/server/target/test-classes/
2014-12-07 18:54:24.552+0000 INFO  [o.n.k.i.DiagnosticsManager]:  [loader.0] file:/Users/JustinHelbert/.m2/repository/net/sourceforge/htmlunit/htmlunit-core-js/2.14/htmlunit-core-js-2.14.jar
2014-12-07 18:54:24.553+0000 INFO  [o.n.k.i.DiagnosticsManager]:  [loader.0] file:/Users/JustinHelbert/.m2/repository/org/neo4j/neo4j-kernel/2.2-SNAPSHOT/neo4j-kernel-2.2-SNAPSHOT-tests.jar
2014-12-07 18:54:24.553+0000 INFO  [o.n.k.i.DiagnosticsManager]:  [loader.2] file:/System/Library/Java/Extensions/libQTJNative.jnilib
2014-12-07 18:54:24.553+0000 INFO  [o.n.k.i.DiagnosticsManager]:  [loader.2] file:/System/Library/Java/Extensions/j3dcore.jar
2014-12-07 18:54:24.553+0000 INFO  [o.n.k.i.DiagnosticsManager]:  [loader.0] file:/Users/JustinHelbert/.m2/repository/org/neo4j/neo4j-io/2.2-SNAPSHOT/neo4j-io-2.2-SNAPSHOT.jar
2014-12-07 18:54:24.553+0000 INFO  [o.n.k.i.DiagnosticsManager]:  [loader.0] file:/Users/JustinHelbert/.m2/repository/org/eclipse/jetty/jetty-servlet/9.2.1.v20140609/jetty-servlet-9.2.1.v20140609.jar
2014-12-07 18:54:24.553+0000 INFO  [o.n.k.i.DiagnosticsManager]:  [loader.2] file:/usr/lib/java/libjdns_sd.jnilib
2014-12-07 18:54:24.553+0000 INFO  [o.n.k.i.DiagnosticsManager]:  [loader.2] file:/System/Library/Java/Extensions/jai_core.jar
2014-12-07 18:54:24.553+0000 INFO  [o.n.k.i.DiagnosticsManager]:  [loader.0] file:/Users/JustinHelbert/.m2/repository/cglib/cglib-nodep/2.1_3/cglib-nodep-2.1_3.jar
2014-12-07 18:54:24.553+0000 INFO  [o.n.k.i.DiagnosticsManager]:  [loader.0] file:/Users/JustinHelbert/.m2/repository/commons-io/commons-io/2.4/commons-io-2.4.jar
2014-12-07 18:54:24.553+0000 INFO  [o.n.k.i.DiagnosticsManager]:  [loader.0] file:/Users/JustinHelbert/.m2/repository/commons-collections/commons-collections/3.2.1/commons-collections-3.2.1.jar
2014-12-07 18:54:24.553+0000 INFO  [o.n.k.i.DiagnosticsManager]:  [loader.0] file:/Users/JustinHelbert/.m2/repository/org/neo4j/neo4j-io/2.2-SNAPSHOT/neo4j-io-2.2-SNAPSHOT-tests.jar
2014-12-07 18:54:24.553+0000 INFO  [o.n.k.i.DiagnosticsManager]:  [loader.0] file:/Users/JustinHelbert/.m2/repository/commons-codec/commons-codec/1.9/commons-codec-1.9.jar
2014-12-07 18:54:24.553+0000 INFO  [o.n.k.i.DiagnosticsManager]:  [loader.0] file:/Users/JustinHelbert/.m2/repository/org/mockito/mockito-core/1.9.5/mockito-core-1.9.5.jar
2014-12-07 18:54:24.553+0000 INFO  [o.n.k.i.DiagnosticsManager]:  [bootstrap] /Library/Java/JavaVirtualMachines/jdk1.7.0_71.jdk/Contents/Home/jre/lib/jsse.jar
2014-12-07 18:54:24.553+0000 INFO  [o.n.k.i.DiagnosticsManager]:  [loader.2] file:/Library/Java/JavaVirtualMachines/jdk1.7.0_71.jdk/Contents/Home/jre/lib/ext/localedata.jar
2014-12-07 18:54:24.553+0000 INFO  [o.n.k.i.DiagnosticsManager]:  [loader.0] file:/Users/JustinHelbert/.m2/repository/com/google/code/gson/gson/2.2.4/gson-2.2.4.jar
2014-12-07 18:54:24.553+0000 INFO  [o.n.k.i.DiagnosticsManager]:  [loader.0] file:/Users/JustinHelbert/.m2/repository/org/neo4j/neo4j-cypher-compiler-1.9/2.0.4/neo4j-cypher-compiler-1.9-2.0.4.jar
2014-12-07 18:54:24.553+0000 INFO  [o.n.k.i.DiagnosticsManager]:  [loader.0] file:/Users/JustinHelbert/.m2/repository/org/apache/httpcomponents/httpclient/4.3.4/httpclient-4.3.4.jar
2014-12-07 18:54:24.553+0000 INFO  [o.n.k.i.DiagnosticsManager]:  [loader.0] file:/Users/JustinHelbert/.m2/repository/org/powermock/powermock-api-mockito/1.5.5/powermock-api-mockito-1.5.5.jar
2014-12-07 18:54:24.553+0000 INFO  [o.n.k.i.DiagnosticsManager]:  [loader.0] file:/Users/JustinHelbert/.m2/repository/org/apache/httpcomponents/httpmime/4.3.2/httpmime-4.3.2.jar
2014-12-07 18:54:24.553+0000 INFO  [o.n.k.i.DiagnosticsManager]:  [loader.0] file:/Users/JustinHelbert/830/830/neo4j-master/community/server/target/classes/
2014-12-07 18:54:24.553+0000 INFO  [o.n.k.i.DiagnosticsManager]:  [bootstrap] /Library/Java/JavaVirtualMachines/jdk1.7.0_71.jdk/Contents/Home/jre/lib/jfr.jar
2014-12-07 18:54:24.553+0000 INFO  [o.n.k.i.DiagnosticsManager]:  [loader.0] file:/Users/JustinHelbert/.m2/repository/org/codehaus/janino/commons-compiler/2.6.1/commons-compiler-2.6.1.jar
2014-12-07 18:54:24.553+0000 INFO  [o.n.k.i.DiagnosticsManager]:  [loader.0] file:/Users/JustinHelbert/.m2/repository/org/neo4j/3rdparty/javax/ws/rs/jsr311-api/1.1.2.r612/jsr311-api-1.1.2.r612.jar
2014-12-07 18:54:24.553+0000 INFO  [o.n.k.i.DiagnosticsManager]:  [loader.0] file:/Users/JustinHelbert/.m2/repository/net/sourceforge/htmlunit/htmlunit/2.14/htmlunit-2.14.jar
2014-12-07 18:54:24.553+0000 INFO  [o.n.k.i.DiagnosticsManager]:  [loader.2] file:/System/Library/Java/Extensions/AppleScriptEngine.jar
2014-12-07 18:54:24.553+0000 INFO  [o.n.k.i.DiagnosticsManager]:  [loader.0] file:/Users/JustinHelbert/.m2/repository/org/apache/servicemix/bundles/org.apache.servicemix.bundles.jline/0.9.94_1/org.apache.servicemix.bundles.jline-0.9.94_1.jar
2014-12-07 18:54:24.553+0000 INFO  [o.n.k.i.DiagnosticsManager]:  [loader.0] file:/Users/JustinHelbert/.m2/repository/net/java/dev/jna/platform/3.4.0/platform-3.4.0.jar
2014-12-07 18:54:24.553+0000 INFO  [o.n.k.i.DiagnosticsManager]:  [loader.0] file:/Users/JustinHelbert/.m2/repository/org/neo4j/neo4j-consistency-check/2.2-SNAPSHOT/neo4j-consistency-check-2.2-SNAPSHOT.jar
2014-12-07 18:54:24.553+0000 INFO  [o.n.k.i.DiagnosticsManager]:  [loader.0] file:/Users/JustinHelbert/.m2/repository/net/sourceforge/nekohtml/nekohtml/1.9.20/nekohtml-1.9.20.jar
2014-12-07 18:54:24.553+0000 INFO  [o.n.k.i.DiagnosticsManager]:  [loader.0] file:/Users/JustinHelbert/.m2/repository/org/codehaus/janino/janino/2.6.1/janino-2.6.1.jar
2014-12-07 18:54:24.553+0000 INFO  [o.n.k.i.DiagnosticsManager]:  [loader.0] file:/Users/JustinHelbert/.m2/repository/org/neo4j/neo4j-primitive-collections/2.2-SNAPSHOT/neo4j-primitive-collections-2.2-SNAPSHOT.jar
2014-12-07 18:54:24.554+0000 INFO  [o.n.k.i.DiagnosticsManager]:  [loader.0] file:/Users/JustinHelbert/.m2/repository/org/neo4j/server-api/2.2-SNAPSHOT/server-api-2.2-SNAPSHOT.jar
2014-12-07 18:54:24.554+0000 INFO  [o.n.k.i.DiagnosticsManager]:  [loader.0] file:/Users/JustinHelbert/.m2/repository/org/neo4j/neo4j-csv/2.2-SNAPSHOT/neo4j-csv-2.2-SNAPSHOT.jar
2014-12-07 18:54:24.554+0000 INFO  [o.n.k.i.DiagnosticsManager]:  [loader.2] file:/System/Library/Java/Extensions/dns_sd.jar
2014-12-07 18:54:24.554+0000 INFO  [o.n.k.i.DiagnosticsManager]:  [loader.0] file:/Users/JustinHelbert/.m2/repository/org/json/json/20080701/json-20080701.jar
2014-12-07 18:54:24.554+0000 INFO  [o.n.k.i.DiagnosticsManager]:  [loader.0] file:/Users/JustinHelbert/.m2/repository/com/sun/jersey/jersey-client/1.18.1/jersey-client-1.18.1.jar
2014-12-07 18:54:24.554+0000 INFO  [o.n.k.i.DiagnosticsManager]:  [loader.0] file:/Users/JustinHelbert/.m2/repository/org/neo4j/neo4j-jmx/2.2-SNAPSHOT/neo4j-jmx-2.2-SNAPSHOT.jar
2014-12-07 18:54:24.554+0000 INFO  [o.n.k.i.DiagnosticsManager]:  [loader.0] file:/Users/JustinHelbert/.m2/repository/org/powermock/powermock-core/1.5.5/powermock-core-1.5.5.jar
2014-12-07 18:54:24.554+0000 INFO  [o.n.k.i.DiagnosticsManager]:  [loader.0] file:/Users/JustinHelbert/.m2/repository/org/seleniumhq/selenium/selenium-remote-driver/2.42.2/selenium-remote-driver-2.42.2.jar
2014-12-07 18:54:24.554+0000 INFO  [o.n.k.i.DiagnosticsManager]:  [loader.2] file:/System/Library/Java/Extensions/MRJToolkit.jar
2014-12-07 18:54:24.554+0000 INFO  [o.n.k.i.DiagnosticsManager]:  [loader.0] file:/Users/JustinHelbert/.m2/repository/org/powermock/powermock-api-support/1.5.5/powermock-api-support-1.5.5.jar
2014-12-07 18:54:24.554+0000 INFO  [o.n.k.i.DiagnosticsManager]:  [loader.0] file:/Users/JustinHelbert/.m2/repository/com/google/guava/guava/15.0/guava-15.0.jar
2014-12-07 18:54:24.554+0000 INFO  [o.n.k.i.DiagnosticsManager]:  [loader.0] file:/Users/JustinHelbert/.m2/repository/org/neo4j/neo4j-graph-matching/2.2-SNAPSHOT/neo4j-graph-matching-2.2-SNAPSHOT.jar
2014-12-07 18:54:24.554+0000 INFO  [o.n.k.i.DiagnosticsManager]:  [loader.2] file:/System/Library/Java/Extensions/libmlib_jai.jnilib
2014-12-07 18:54:24.554+0000 INFO  [o.n.k.i.DiagnosticsManager]:  [loader.0] file:/Users/JustinHelbert/.m2/repository/org/seleniumhq/selenium/selenium-ie-driver/2.42.2/selenium-ie-driver-2.42.2.jar
2014-12-07 18:54:24.554+0000 INFO  [o.n.k.i.DiagnosticsManager]:  [loader.0] file:/Users/JustinHelbert/.m2/repository/org/neo4j/neo4j-lucene-index/2.2-SNAPSHOT/neo4j-lucene-index-2.2-SNAPSHOT.jar
2014-12-07 18:54:24.554+0000 INFO  [o.n.k.i.DiagnosticsManager]:  [loader.2] file:/Library/Java/JavaVirtualMachines/jdk1.7.0_71.jdk/Contents/Home/jre/lib/ext/sunpkcs11.jar
2014-12-07 18:54:24.554+0000 INFO  [o.n.k.i.DiagnosticsManager]:  [loader.0] file:/Users/JustinHelbert/.m2/repository/org/eclipse/jetty/jetty-xml/9.2.1.v20140609/jetty-xml-9.2.1.v20140609.jar
2014-12-07 18:54:24.554+0000 INFO  [o.n.k.i.DiagnosticsManager]:  [loader.2] file:/Library/Java/JavaVirtualMachines/jdk1.7.0_71.jdk/Contents/Home/jre/lib/ext/sunec.jar
2014-12-07 18:54:24.554+0000 INFO  [o.n.k.i.DiagnosticsManager]:  [loader.0] file:/Users/JustinHelbert/.m2/repository/commons-logging/commons-logging/1.1.1/commons-logging-1.1.1.jar
2014-12-07 18:54:24.554+0000 INFO  [o.n.k.i.DiagnosticsManager]:  [loader.0] file:/Users/JustinHelbert/.m2/repository/commons-beanutils/commons-beanutils/1.8.3/commons-beanutils-1.8.3.jar
2014-12-07 18:54:24.554+0000 INFO  [o.n.k.i.DiagnosticsManager]:  [loader.0] file:/Users/JustinHelbert/.m2/repository/com/sun/jersey/jersey-core/1.18.1/jersey-core-1.18.1.jar
2014-12-07 18:54:24.554+0000 INFO  [o.n.k.i.DiagnosticsManager]:  [loader.0] file:/Users/JustinHelbert/.m2/repository/org/eclipse/jetty/jetty-http/9.2.1.v20140609/jetty-http-9.2.1.v20140609.jar
2014-12-07 18:54:24.554+0000 INFO  [o.n.k.i.DiagnosticsManager]:  [bootstrap] /Library/Java/JavaVirtualMachines/jdk1.7.0_71.jdk/Contents/Home/jre/classes
2014-12-07 18:54:24.554+0000 INFO  [o.n.k.i.DiagnosticsManager]:  [loader.0] file:/Users/JustinHelbert/.m2/repository/org/powermock/powermock-module-junit4/1.5.5/powermock-module-junit4-1.5.5.jar
2014-12-07 18:54:24.554+0000 INFO  [o.n.k.i.DiagnosticsManager]:  [loader.0] file:/Users/JustinHelbert/.m2/repository/org/neo4j/neo4j-cypher-compiler-2.1/2.1.6/neo4j-cypher-compiler-2.1-2.1.6.jar
2014-12-07 18:54:24.554+0000 INFO  [o.n.k.i.DiagnosticsManager]:  [loader.0] file:/Users/JustinHelbert/.m2/repository/xalan/serializer/2.7.1/serializer-2.7.1.jar
2014-12-07 18:54:24.554+0000 INFO  [o.n.k.i.DiagnosticsManager]:  [loader.0] file:/Users/JustinHelbert/.m2/repository/org/apache/commons/commons-lang3/3.3.2/commons-lang3-3.3.2.jar
2014-12-07 18:54:24.554+0000 INFO  [o.n.k.i.DiagnosticsManager]:  [loader.2] file:/System/Library/Java/Extensions/mlibwrapper_jai.jar
2014-12-07 18:54:24.554+0000 INFO  [o.n.k.i.DiagnosticsManager]:  [loader.0] file:/Library/Java/JavaVirtualMachines/jdk1.7.0_71.jdk/Contents/Home/jre/../lib/tools.jar
2014-12-07 18:54:24.554+0000 INFO  [o.n.k.i.DiagnosticsManager]:  [loader.0] file:/Users/JustinHelbert/.m2/repository/org/neo4j/app/neo4j-browser/2.2-SNAPSHOT/neo4j-browser-2.2-SNAPSHOT.jar
2014-12-07 18:54:24.554+0000 INFO  [o.n.k.i.DiagnosticsManager]:  [loader.0] file:/Users/JustinHelbert/.m2/repository/bouncycastle/bcprov-jdk16/140/bcprov-jdk16-140.jar
2014-12-07 18:54:24.554+0000 INFO  [o.n.k.i.DiagnosticsManager]:  [loader.0] file:/Users/JustinHelbert/.m2/repository/xalan/xalan/2.7.1/xalan-2.7.1.jar
2014-12-07 18:54:24.554+0000 INFO  [o.n.k.i.DiagnosticsManager]:  [loader.0] file:/Users/JustinHelbert/.m2/repository/xerces/xercesImpl/2.11.0/xercesImpl-2.11.0.jar
2014-12-07 18:54:24.554+0000 INFO  [o.n.k.i.DiagnosticsManager]:  [loader.0] file:/Users/JustinHelbert/.m2/repository/org/neo4j/neo4j-udc/2.2-SNAPSHOT/neo4j-udc-2.2-SNAPSHOT.jar
2014-12-07 18:54:24.555+0000 INFO  [o.n.k.i.DiagnosticsManager]:  [loader.0] file:/Users/JustinHelbert/.m2/repository/javax/servlet/javax.servlet-api/3.1.0/javax.servlet-api-3.1.0.jar
2014-12-07 18:54:24.555+0000 INFO  [o.n.k.i.DiagnosticsManager]:  [bootstrap] /Library/Java/JavaVirtualMachines/jdk1.7.0_71.jdk/Contents/Home/jre/lib/jce.jar
2014-12-07 18:54:24.555+0000 INFO  [o.n.k.i.DiagnosticsManager]:  [loader.0] file:/Users/JustinHelbert/.m2/repository/org/codehaus/jackson/jackson-core-asl/1.9.13/jackson-core-asl-1.9.13.jar
2014-12-07 18:54:24.555+0000 INFO  [o.n.k.i.DiagnosticsManager]:  [loader.0] file:/Users/JustinHelbert/.m2/repository/org/eclipse/jetty/jetty-websocket/8.1.14.v20131031/jetty-websocket-8.1.14.v20131031.jar
2014-12-07 18:54:24.555+0000 INFO  [o.n.k.i.DiagnosticsManager]:  [loader.0] file:/Users/JustinHelbert/.m2/repository/org/neo4j/neo4j-shell/2.2-SNAPSHOT/neo4j-shell-2.2-SNAPSHOT.jar
2014-12-07 18:54:24.555+0000 INFO  [o.n.k.i.DiagnosticsManager]:  [loader.2] file:/System/Library/Java/Extensions/libJ3DAudio.jnilib
2014-12-07 18:54:24.555+0000 INFO  [o.n.k.i.DiagnosticsManager]:  [loader.2] file:/System/Library/Java/Extensions/libAppleScriptEngine.jnilib
2014-12-07 18:54:24.555+0000 INFO  [o.n.k.i.DiagnosticsManager]:  [loader.0] file:/Users/JustinHelbert/.m2/repository/org/powermock/powermock-module-junit4-common/1.5.5/powermock-module-junit4-common-1.5.5.jar
2014-12-07 18:54:24.555+0000 INFO  [o.n.k.i.DiagnosticsManager]:  [loader.0] file:/Users/JustinHelbert/.m2/repository/org/w3c/css/sac/1.3/sac-1.3.jar
2014-12-07 18:54:24.555+0000 INFO  [o.n.k.i.DiagnosticsManager]:  [loader.2] file:/System/Library/Java/Extensions/libJ3DUtils.jnilib
2014-12-07 18:54:24.555+0000 INFO  [o.n.k.i.DiagnosticsManager]:  [loader.0] file:/Users/JustinHelbert/.m2/repository/org/eclipse/jetty/jetty-io/9.2.1.v20140609/jetty-io-9.2.1.v20140609.jar
2014-12-07 18:54:24.555+0000 INFO  [o.n.k.i.DiagnosticsManager]:  [loader.0] file:/Users/JustinHelbert/.m2/repository/ch/qos/logback/logback-access/1.1.2/logback-access-1.1.2.jar
2014-12-07 18:54:24.555+0000 INFO  [o.n.k.i.DiagnosticsManager]:  [classpath + loader.1] file:/usr/local/Cellar/maven/3.2.3/libexec/boot/plexus-classworlds-2.5.1.jar
2014-12-07 18:54:24.555+0000 INFO  [o.n.k.i.DiagnosticsManager]:  [loader.2] file:/System/Library/Java/Extensions/j3dutils.jar
2014-12-07 18:54:24.555+0000 INFO  [o.n.k.i.DiagnosticsManager]:  [loader.0] file:/Users/JustinHelbert/.m2/repository/org/seleniumhq/selenium/selenium-firefox-driver/2.42.2/selenium-firefox-driver-2.42.2.jar
2014-12-07 18:54:24.555+0000 INFO  [o.n.k.i.DiagnosticsManager]:  [loader.2] file:/System/Library/Java/Extensions/jai_codec.jar
2014-12-07 18:54:24.555+0000 INFO  [o.n.k.i.DiagnosticsManager]:  [loader.0] file:/Users/JustinHelbert/.m2/repository/org/seleniumhq/selenium/selenium-chrome-driver/2.42.2/selenium-chrome-driver-2.42.2.jar
2014-12-07 18:54:24.555+0000 INFO  [o.n.k.i.DiagnosticsManager]:  [loader.2] file:/Library/Java/JavaVirtualMachines/jdk1.7.0_71.jdk/Contents/Home/jre/lib/ext/zipfs.jar
2014-12-07 18:54:24.555+0000 INFO  [o.n.k.i.DiagnosticsManager]:  [loader.0] file:/Users/JustinHelbert/.m2/repository/org/scala-lang/scala-reflect/2.10.4/scala-reflect-2.10.4.jar
2014-12-07 18:54:24.555+0000 INFO  [o.n.k.i.DiagnosticsManager]:  [loader.0] file:/Users/JustinHelbert/.m2/repository/org/neo4j/neo4j-kernel/2.2-SNAPSHOT/neo4j-kernel-2.2-SNAPSHOT.jar
2014-12-07 18:54:24.555+0000 INFO  [o.n.k.i.DiagnosticsManager]:  [loader.0] file:/Users/JustinHelbert/.m2/repository/org/neo4j/neo4j-graphviz/2.2-SNAPSHOT/neo4j-graphviz-2.2-SNAPSHOT.jar
2014-12-07 18:54:24.555+0000 INFO  [o.n.k.i.DiagnosticsManager]:  [loader.0] file:/Users/JustinHelbert/.m2/repository/net/sf/opencsv/opencsv/2.3/opencsv-2.3.jar
2014-12-07 18:54:24.555+0000 INFO  [o.n.k.i.DiagnosticsManager]:  [loader.0] file:/Users/JustinHelbert/.m2/repository/org/neo4j/neo4j-graph-algo/2.2-SNAPSHOT/neo4j-graph-algo-2.2-SNAPSHOT.jar
2014-12-07 18:54:24.555+0000 INFO  [o.n.k.i.DiagnosticsManager]:  [loader.0] file:/Users/JustinHelbert/.m2/repository/org/eclipse/jetty/jetty-webapp/9.2.1.v20140609/jetty-webapp-9.2.1.v20140609.jar
2014-12-07 18:54:24.555+0000 INFO  [o.n.k.i.DiagnosticsManager]:  [bootstrap] /Library/Java/JavaVirtualMachines/jdk1.7.0_71.jdk/Contents/Home/jre/lib/rt.jar
2014-12-07 18:54:24.555+0000 INFO  [o.n.k.i.DiagnosticsManager]:  [loader.0] file:/Users/JustinHelbert/.m2/repository/org/apache/httpcomponents/httpcore/4.3.2/httpcore-4.3.2.jar
2014-12-07 18:54:24.555+0000 INFO  [o.n.k.i.DiagnosticsManager]:  [loader.0] file:/Users/JustinHelbert/.m2/repository/org/seleniumhq/selenium/selenium-htmlunit-driver/2.42.2/selenium-htmlunit-driver-2.42.2.jar
2014-12-07 18:54:24.555+0000 INFO  [o.n.k.i.DiagnosticsManager]:  [loader.0] file:/Users/JustinHelbert/.m2/repository/commons-lang/commons-lang/2.6/commons-lang-2.6.jar
2014-12-07 18:54:24.555+0000 INFO  [o.n.k.i.DiagnosticsManager]:  [loader.0] file:/Users/JustinHelbert/.m2/repository/com/sun/jersey/jersey-servlet/1.18.1/jersey-servlet-1.18.1.jar
2014-12-07 18:54:24.555+0000 INFO  [o.n.k.i.DiagnosticsManager]:  [loader.0] file:/Users/JustinHelbert/.m2/repository/org/parboiled/parboiled-core/1.1.6/parboiled-core-1.1.6.jar
2014-12-07 18:54:24.555+0000 INFO  [o.n.k.i.DiagnosticsManager]:  [loader.2] file:/Library/Java/JavaVirtualMachines/jdk1.7.0_71.jdk/Contents/Home/jre/lib/ext/dnsns.jar
2014-12-07 18:54:24.555+0000 INFO  [o.n.k.i.DiagnosticsManager]:  [loader.0] file:/Users/JustinHelbert/.m2/repository/org/neo4j/neo4j-cypher-compiler-2.0/2.0.4/neo4j-cypher-compiler-2.0-2.0.4.jar
2014-12-07 18:54:24.556+0000 INFO  [o.n.k.i.DiagnosticsManager]:  [bootstrap] /Library/Java/JavaVirtualMachines/jdk1.7.0_71.jdk/Contents/Home/jre/lib/sunrsasign.jar
2014-12-07 18:54:24.556+0000 INFO  [o.n.k.i.DiagnosticsManager]:  [loader.0] file:/Users/JustinHelbert/.m2/repository/org/neo4j/neo4j-cypher/2.2-SNAPSHOT/neo4j-cypher-2.2-SNAPSHOT.jar
2014-12-07 18:54:24.556+0000 INFO  [o.n.k.i.DiagnosticsManager]:  [loader.0] file:/Users/JustinHelbert/.m2/repository/net/sourceforge/cssparser/cssparser/0.9.13/cssparser-0.9.13.jar
2014-12-07 18:54:24.556+0000 INFO  [o.n.k.i.DiagnosticsManager]:  [loader.0] file:/Users/JustinHelbert/.m2/repository/com/sun/jersey/jersey-server/1.18.1/jersey-server-1.18.1.jar
2014-12-07 18:54:24.556+0000 INFO  [o.n.k.i.DiagnosticsManager]:  [loader.0] file:/Users/JustinHelbert/.m2/repository/com/googlecode/concurrentlinkedhashmap/concurrentlinkedhashmap-lru/1.4/concurrentlinkedhashmap-lru-1.4.jar
2014-12-07 18:54:24.556+0000 INFO  [o.n.k.i.DiagnosticsManager]:  [loader.0] file:/Users/JustinHelbert/.m2/repository/commons-configuration/commons-configuration/1.10/commons-configuration-1.10.jar
2014-12-07 18:54:24.556+0000 INFO  [o.n.k.i.DiagnosticsManager]:  [loader.0] file:/Users/JustinHelbert/.m2/repository/xml-apis/xml-apis/1.4.01/xml-apis-1.4.01.jar
2014-12-07 18:54:24.556+0000 INFO  [o.n.k.i.DiagnosticsManager]:  [loader.0] file:/Users/JustinHelbert/.m2/repository/org/mozilla/rhino/1.7R4/rhino-1.7R4.jar
2014-12-07 18:54:24.556+0000 INFO  [o.n.k.i.DiagnosticsManager]:  [loader.0] file:/Users/JustinHelbert/.m2/repository/org/jvnet/mimepull/mimepull/1.9.3/mimepull-1.9.3.jar
2014-12-07 18:54:24.556+0000 INFO  [o.n.k.i.DiagnosticsManager]:  [loader.0] file:/Users/JustinHelbert/.m2/repository/com/sun/jersey/contribs/jersey-multipart/1.18.1/jersey-multipart-1.18.1.jar
2014-12-07 18:54:24.556+0000 INFO  [o.n.k.i.DiagnosticsManager]: Library path:
2014-12-07 18:54:24.556+0000 INFO  [o.n.k.i.DiagnosticsManager]: /Users/JustinHelbert/Library/Java/Extensions
2014-12-07 18:54:24.556+0000 INFO  [o.n.k.i.DiagnosticsManager]: /Library/Java/Extensions
2014-12-07 18:54:24.556+0000 INFO  [o.n.k.i.DiagnosticsManager]: /Network/Library/Java/Extensions
2014-12-07 18:54:24.556+0000 INFO  [o.n.k.i.DiagnosticsManager]: /System/Library/Java/Extensions
2014-12-07 18:54:24.556+0000 INFO  [o.n.k.i.DiagnosticsManager]: /usr/lib/java
2014-12-07 18:54:24.556+0000 INFO  [o.n.k.i.DiagnosticsManager]: /Users/JustinHelbert/830/830/neo4j-master/community/server
2014-12-07 18:54:24.556+0000 INFO  [o.n.k.i.DiagnosticsManager]: System.properties:
2014-12-07 18:54:24.556+0000 INFO  [o.n.k.i.DiagnosticsManager]: sun.boot.library.path = /Library/Java/JavaVirtualMachines/jdk1.7.0_71.jdk/Contents/Home/jre/lib
2014-12-07 18:54:24.556+0000 INFO  [o.n.k.i.DiagnosticsManager]: org.neo4j.server.properties = /Users/JustinHelbert/830/830/neo4j-master/community/server/neo4j-home/conf/neo4j-server.properties
2014-12-07 18:54:24.556+0000 INFO  [o.n.k.i.DiagnosticsManager]: gopherProxySet = false
2014-12-07 18:54:24.556+0000 INFO  [o.n.k.i.DiagnosticsManager]: guice.disable.misplaced.annotation.check = true
2014-12-07 18:54:24.557+0000 INFO  [o.n.k.i.DiagnosticsManager]: path.separator = :
2014-12-07 18:54:24.557+0000 INFO  [o.n.k.i.DiagnosticsManager]: file.encoding.pkg = sun.io
2014-12-07 18:54:24.557+0000 INFO  [o.n.k.i.DiagnosticsManager]: user.country = US
2014-12-07 18:54:24.557+0000 INFO  [o.n.k.i.DiagnosticsManager]: sun.java.launcher = SUN_STANDARD
2014-12-07 18:54:24.557+0000 INFO  [o.n.k.i.DiagnosticsManager]: sun.os.patch.level = unknown
2014-12-07 18:54:24.557+0000 INFO  [o.n.k.i.DiagnosticsManager]: user.dir = /Users/JustinHelbert/830/830/neo4j-master/community/server
2014-12-07 18:54:24.557+0000 INFO  [o.n.k.i.DiagnosticsManager]: classworlds.conf = /usr/local/Cellar/maven/3.2.3/libexec/bin/m2.conf
2014-12-07 18:54:24.557+0000 INFO  [o.n.k.i.DiagnosticsManager]: sun.jnu.encoding = UTF-8
2014-12-07 18:54:24.557+0000 INFO  [o.n.k.i.DiagnosticsManager]: sun.management.compiler = HotSpot 64-Bit Tiered Compilers
2014-12-07 18:54:24.557+0000 INFO  [o.n.k.i.DiagnosticsManager]: http.nonProxyHosts = local|*.local|169.254/16|*.169.254/16
2014-12-07 18:54:24.557+0000 INFO  [o.n.k.i.DiagnosticsManager]: user.home = /Users/JustinHelbert
2014-12-07 18:54:24.557+0000 INFO  [o.n.k.i.DiagnosticsManager]: user.timezone = America/New_York
2014-12-07 18:54:24.557+0000 INFO  [o.n.k.i.DiagnosticsManager]: file.encoding = UTF-8
2014-12-07 18:54:24.557+0000 INFO  [o.n.k.i.DiagnosticsManager]: user.name = JustinHelbert
2014-12-07 18:54:24.557+0000 INFO  [o.n.k.i.DiagnosticsManager]: sun.java.command = org.codehaus.plexus.classworlds.launcher.Launcher exec:java
2014-12-07 18:54:24.557+0000 INFO  [o.n.k.i.DiagnosticsManager]: sun.arch.data.model = 64
2014-12-07 18:54:24.557+0000 INFO  [o.n.k.i.DiagnosticsManager]: user.language = en
2014-12-07 18:54:24.557+0000 INFO  [o.n.k.i.DiagnosticsManager]: awt.toolkit = sun.lwawt.macosx.LWCToolkit
2014-12-07 18:54:24.557+0000 INFO  [o.n.k.i.DiagnosticsManager]: maven.home = /usr/local/Cellar/maven/3.2.3/libexec
2014-12-07 18:54:24.557+0000 INFO  [o.n.k.i.DiagnosticsManager]: file.separator = /
2014-12-07 18:54:24.557+0000 INFO  [o.n.k.i.DiagnosticsManager]: sun.io.unicode.encoding = UnicodeBig
2014-12-07 18:54:24.557+0000 INFO  [o.n.k.i.DiagnosticsManager]: sun.cpu.endian = little
2014-12-07 18:54:24.557+0000 INFO  [o.n.k.i.DiagnosticsManager]: socksNonProxyHosts = local|*.local|169.254/16|*.169.254/16
2014-12-07 18:54:24.557+0000 INFO  [o.n.k.i.DiagnosticsManager]: ftp.nonProxyHosts = local|*.local|169.254/16|*.169.254/16
2014-12-07 18:54:24.557+0000 INFO  [o.n.k.i.DiagnosticsManager]: sun.cpu.isalist = 
2014-12-07 18:54:24.557+0000 INFO  [o.n.k.i.DiagnosticsManager]: Network information:
2014-12-07 18:54:24.558+0000 INFO  [o.n.k.i.DiagnosticsManager]: Interface en0:
2014-12-07 18:54:24.558+0000 INFO  [o.n.k.i.DiagnosticsManager]:     address: fe80:0:0:0:baf6:b1ff:fe17:6c37%4
2014-12-07 18:54:24.558+0000 INFO  [o.n.k.i.DiagnosticsManager]:     address: 18.111.119.172
2014-12-07 18:54:24.558+0000 INFO  [o.n.k.i.DiagnosticsManager]: Interface lo0:
2014-12-07 18:54:24.558+0000 INFO  [o.n.k.i.DiagnosticsManager]:     address: fe80:0:0:0:0:0:0:1%1
2014-12-07 18:54:24.558+0000 INFO  [o.n.k.i.DiagnosticsManager]:     address: 0:0:0:0:0:0:0:1
2014-12-07 18:54:24.558+0000 INFO  [o.n.k.i.DiagnosticsManager]:     address: 127.0.0.1
2014-12-07 18:54:24.558+0000 INFO  [o.n.k.i.DiagnosticsManager]: --- INITIALIZED diagnostics END ---
2014-12-07 18:54:24.683+0000 INFO  [o.n.k.i.s.StoreFactory]: Creating new db @ /Users/JustinHelbert/830/830/neo4j-master/community/server/neo4j-home/data/neostore
2014-12-07 18:54:24.948+0000 INFO  [o.n.k.NeoStoreDataSource]: Opened logical log [/Users/JustinHelbert/830/830/neo4j-master/community/server/neo4j-home/data/neostore.transaction.db.0] version=0, lastTxId=1 (clean)
2014-12-07 18:54:24.966+0000 INFO  [o.n.k.a.i.i.LuceneLabelScanStore]: No lucene scan store index found, this might just be first use. Preparing to rebuild.
2014-12-07 18:54:24.996+0000 INFO  [o.n.k.a.i.i.LuceneLabelScanStore]: No lucene scan store index found, this might just be first use. Preparing to rebuild.
2014-12-07 18:54:25.081+0000 INFO  [o.n.k.a.i.i.LuceneLabelScanStore]: Rebuilding lucene scan store, this may take a while
2014-12-07 18:54:25.084+0000 INFO  [o.n.k.a.i.i.LuceneLabelScanStore]: Lucene scan store rebuilt (roughly -1 nodes)
2014-12-07 18:54:25.937+0000 INFO  [o.n.k.i.DiagnosticsManager]: --- STARTED diagnostics for KernelDiagnostics:Versions START ---
2014-12-07 18:54:25.937+0000 INFO  [o.n.k.i.DiagnosticsManager]: Graph Database: org.neo4j.kernel.EmbeddedGraphDatabase StoreId{creationTime=1417978464682, randomId=3975892860790327676, storeVersion=14687556271633926, upgradeTime=1417978464682, upgradeId=3975892860790327676}
2014-12-07 18:54:25.937+0000 INFO  [o.n.k.i.DiagnosticsManager]: Kernel version: Neo4j - Graph Database Kernel (neo4j-kernel), version: 2.2-SNAPSHOT (revision: 2.2-SNAPSHOT:master:229/2fe0ee1f7262f4b0306363fe3b5b39ac14bcb0ee)
2014-12-07 18:54:25.937+0000 INFO  [o.n.k.i.DiagnosticsManager]: Neo4j component versions:
2014-12-07 18:54:25.942+0000 INFO  [o.n.k.i.DiagnosticsManager]:   Neo4j - Graphviz generation (neo4j-graphviz), version: 2.2-SNAPSHOT (revision: 2.2-SNAPSHOT:master:229/2fe0ee1f7262f4b0306363fe3b5b39ac14bcb0ee); revision: 2.2-SNAPSHOT:master:229/2fe0ee1f7262f4b0306363fe3b5b39ac14bcb0ee
2014-12-07 18:54:25.942+0000 INFO  [o.n.k.i.DiagnosticsManager]:   Neo4j - Lucene Index (neo4j-lucene-index), version: 2.2-SNAPSHOT (revision: 2.2-SNAPSHOT:master:229/2fe0ee1f7262f4b0306363fe3b5b39ac14bcb0ee); revision: 2.2-SNAPSHOT:master:229/2fe0ee1f7262f4b0306363fe3b5b39ac14bcb0ee
2014-12-07 18:54:25.942+0000 INFO  [o.n.k.i.DiagnosticsManager]:   Neo4j - Cypher Compiler 2.1 (neo4j-cypher-compiler-2.1), version: 2.1.6; revision: 2.1.6:2.1-maint:605/0d7f25fc608f15c54ec1a01f4ba4564ebfb1071a
2014-12-07 18:54:25.942+0000 INFO  [o.n.k.i.DiagnosticsManager]:   Neo4j - Cypher Compiler 2.2 (neo4j-cypher-compiler-2.2), version: 2.2-SNAPSHOT (revision: 2.2-SNAPSHOT:master:229/2fe0ee1f7262f4b0306363fe3b5b39ac14bcb0ee); revision: 2.2-SNAPSHOT:master:229/2fe0ee1f7262f4b0306363fe3b5b39ac14bcb0ee
2014-12-07 18:54:25.943+0000 INFO  [o.n.k.i.DiagnosticsManager]:   Neo4j - Graph Algorithms (neo4j-graph-algo), version: 2.2-SNAPSHOT (revision: 2.2-SNAPSHOT:master:229/2fe0ee1f7262f4b0306363fe3b5b39ac14bcb0ee); revision: 2.2-SNAPSHOT:master:229/2fe0ee1f7262f4b0306363fe3b5b39ac14bcb0ee
2014-12-07 18:54:25.943+0000 INFO  [o.n.k.i.DiagnosticsManager]:   Neo4j - Consistency Checker (neo4j-consistency-check), version: 2.2-SNAPSHOT (revision: 2.2-SNAPSHOT:master:229/2fe0ee1f7262f4b0306363fe3b5b39ac14bcb0ee); revision: 2.2-SNAPSHOT:master:229/2fe0ee1f7262f4b0306363fe3b5b39ac14bcb0ee
2014-12-07 18:54:25.943+0000 INFO  [o.n.k.i.DiagnosticsManager]:   Neo4j - Cypher Compiler 2.0 (neo4j-cypher-compiler-2.0), version: 2.0.4; revision: 2.0.4:2.0-maint:130/4a7d10bc274a5d26a180bbe9df25100e8a694748
2014-12-07 18:54:25.943+0000 INFO  [o.n.k.i.DiagnosticsManager]:   Neo4j - Cypher Compiler 1.9 (neo4j-cypher-compiler-1.9), version: 2.0.4; revision: 2.0.4:2.0-maint:130/4a7d10bc274a5d26a180bbe9df25100e8a694748
2014-12-07 18:54:25.943+0000 INFO  [o.n.k.i.DiagnosticsManager]:   neo4j-udc, version: 2.2-SNAPSHOT (revision: 2.2-SNAPSHOT:master:229/2fe0ee1f7262f4b0306363fe3b5b39ac14bcb0ee); revision: 2.2-SNAPSHOT:master:229/2fe0ee1f7262f4b0306363fe3b5b39ac14bcb0ee
2014-12-07 18:54:25.943+0000 INFO  [o.n.k.i.DiagnosticsManager]:   Neo4j - JMX support (neo4j-jmx), version: 2.2-SNAPSHOT (revision: 2.2-SNAPSHOT:master:229/2fe0ee1f7262f4b0306363fe3b5b39ac14bcb0ee); revision: 2.2-SNAPSHOT:master:229/2fe0ee1f7262f4b0306363fe3b5b39ac14bcb0ee
2014-12-07 18:54:25.943+0000 INFO  [o.n.k.i.DiagnosticsManager]:   Neo4j - Graph Matching (neo4j-graph-matching), version: 2.2-SNAPSHOT (revision: 2.2-SNAPSHOT:master:229/2fe0ee1f7262f4b0306363fe3b5b39ac14bcb0ee); revision: 2.2-SNAPSHOT:master:229/2fe0ee1f7262f4b0306363fe3b5b39ac14bcb0ee
2014-12-07 18:54:25.943+0000 INFO  [o.n.k.i.DiagnosticsManager]:   Neo4j - Server API (server-api), version: 2.2-SNAPSHOT (revision: 2.2-SNAPSHOT:master:229/2fe0ee1f7262f4b0306363fe3b5b39ac14bcb0ee); revision: 2.2-SNAPSHOT:master:229/2fe0ee1f7262f4b0306363fe3b5b39ac14bcb0ee
2014-12-07 18:54:25.943+0000 INFO  [o.n.k.i.DiagnosticsManager]:   Neo4j - Graph Database Kernel (neo4j-kernel), version: 2.2-SNAPSHOT (revision: 2.2-SNAPSHOT:master:229/2fe0ee1f7262f4b0306363fe3b5b39ac14bcb0ee); revision: 2.2-SNAPSHOT:master:229/2fe0ee1f7262f4b0306363fe3b5b39ac14bcb0ee
2014-12-07 18:54:25.943+0000 INFO  [o.n.k.i.DiagnosticsManager]:   Neo4j - Cypher (neo4j-cypher), version: 2.2-SNAPSHOT (revision: 2.2-SNAPSHOT:master:229/2fe0ee1f7262f4b0306363fe3b5b39ac14bcb0ee); revision: 2.2-SNAPSHOT:master:229/2fe0ee1f7262f4b0306363fe3b5b39ac14bcb0ee
2014-12-07 18:54:25.943+0000 INFO  [o.n.k.i.DiagnosticsManager]:   neo4j-server, version: 2.2-SNAPSHOT (revision: 2.2-SNAPSHOT:${git.commit.id.branch}:${git.commit.id}); revision: 2.2-SNAPSHOT:${git.commit.id.branch}:${git.commit.id}
2014-12-07 18:54:25.943+0000 INFO  [o.n.k.i.DiagnosticsManager]:   Neo4j - Generic shell (neo4j-shell), version: 2.2-SNAPSHOT (revision: 2.2-SNAPSHOT:master:229/2fe0ee1f7262f4b0306363fe3b5b39ac14bcb0ee); revision: 2.2-SNAPSHOT:master:229/2fe0ee1f7262f4b0306363fe3b5b39ac14bcb0ee
2014-12-07 18:54:25.943+0000 INFO  [o.n.k.i.DiagnosticsManager]: --- STARTED diagnostics for KernelDiagnostics:Versions END ---
2014-12-07 18:54:25.945+0000 INFO  [o.n.k.i.DiagnosticsManager]: --- STARTED diagnostics for NEO_STORE_VERSIONS START ---
2014-12-07 18:54:25.945+0000 INFO  [o.n.k.i.DiagnosticsManager]: Store versions:
2014-12-07 18:54:25.945+0000 INFO  [o.n.k.i.DiagnosticsManager]: Store versions:
2014-12-07 18:54:25.945+0000 INFO  [o.n.k.i.DiagnosticsManager]:   NeoStore v0.A.4
2014-12-07 18:54:25.945+0000 INFO  [o.n.k.i.DiagnosticsManager]:   SchemaStore v0.A.4
2014-12-07 18:54:25.945+0000 INFO  [o.n.k.i.DiagnosticsManager]:   NodeStore v0.A.4
2014-12-07 18:54:25.945+0000 INFO  [o.n.k.i.DiagnosticsManager]:   RelationshipStore v0.A.4
2014-12-07 18:54:25.945+0000 INFO  [o.n.k.i.DiagnosticsManager]:   RelationshipTypeStore v0.A.4
2014-12-07 18:54:25.945+0000 INFO  [o.n.k.i.DiagnosticsManager]:   LabelTokenStore v0.A.4
2014-12-07 18:54:25.945+0000 INFO  [o.n.k.i.DiagnosticsManager]:   PropertyStore v0.A.4
2014-12-07 18:54:25.945+0000 INFO  [o.n.k.i.DiagnosticsManager]:   PropertyIndexStore v0.A.4
2014-12-07 18:54:25.945+0000 INFO  [o.n.k.i.DiagnosticsManager]:   StringPropertyStore v0.A.4
2014-12-07 18:54:25.945+0000 INFO  [o.n.k.i.DiagnosticsManager]:   ArrayPropertyStore v0.A.4
2014-12-07 18:54:25.945+0000 INFO  [o.n.k.i.DiagnosticsManager]:   RelationshipGroupStore v0.A.4
2014-12-07 18:54:25.946+0000 INFO  [o.n.k.i.DiagnosticsManager]: --- STARTED diagnostics for NEO_STORE_VERSIONS END ---
2014-12-07 18:54:25.946+0000 INFO  [o.n.k.i.DiagnosticsManager]: --- STARTED diagnostics for NEO_STORE_ID_USAGE START ---
2014-12-07 18:54:25.946+0000 INFO  [o.n.k.i.DiagnosticsManager]: Id usage:
2014-12-07 18:54:25.946+0000 INFO  [o.n.k.i.DiagnosticsManager]: Id usage:
2014-12-07 18:54:25.946+0000 INFO  [o.n.k.i.DiagnosticsManager]:   SchemaStore: used=1 high=0
2014-12-07 18:54:25.946+0000 INFO  [o.n.k.i.DiagnosticsManager]:   NodeStore: used=0 high=-1
2014-12-07 18:54:25.946+0000 INFO  [o.n.k.i.DiagnosticsManager]:   RelationshipStore: used=0 high=-1
2014-12-07 18:54:25.946+0000 INFO  [o.n.k.i.DiagnosticsManager]:   RelationshipTypeStore: used=0 high=-1
2014-12-07 18:54:25.946+0000 INFO  [o.n.k.i.DiagnosticsManager]:   LabelTokenStore: used=0 high=-1
2014-12-07 18:54:25.946+0000 INFO  [o.n.k.i.DiagnosticsManager]:   PropertyStore: used=0 high=-1
2014-12-07 18:54:25.946+0000 INFO  [o.n.k.i.DiagnosticsManager]:   PropertyIndexStore: used=0 high=-1
2014-12-07 18:54:25.946+0000 INFO  [o.n.k.i.DiagnosticsManager]:   StringPropertyStore: used=1 high=0
2014-12-07 18:54:25.946+0000 INFO  [o.n.k.i.DiagnosticsManager]:   ArrayPropertyStore: used=1 high=0
2014-12-07 18:54:25.947+0000 INFO  [o.n.k.i.DiagnosticsManager]:   RelationshipGroupStore: used=1 high=0
2014-12-07 18:54:25.947+0000 INFO  [o.n.k.i.DiagnosticsManager]: --- STARTED diagnostics for NEO_STORE_ID_USAGE END ---
2014-12-07 18:54:25.947+0000 INFO  [o.n.k.i.DiagnosticsManager]: --- STARTED diagnostics for KernelDiagnostics:StoreFiles START ---
2014-12-07 18:54:25.947+0000 INFO  [o.n.k.i.DiagnosticsManager]: Disk space on partition (Total / Free / Free %): 230140432384 / 4556017664 / 1
Storage files: (filename : modification date - size)
2014-12-07 18:54:25.948+0000 INFO  [o.n.k.i.DiagnosticsManager]:   dbms:
2014-12-07 18:54:25.948+0000 INFO  [o.n.k.i.DiagnosticsManager]:     authorization: 2014-12-07T13:53:08-0500 - 138.00 B
2014-12-07 18:54:25.948+0000 INFO  [o.n.k.i.DiagnosticsManager]:   - Total: 2014-12-07T13:53:08-0500 - 138.00 B
2014-12-07 18:54:25.948+0000 INFO  [o.n.k.i.DiagnosticsManager]:   index:
2014-12-07 18:54:25.949+0000 INFO  [o.n.k.i.DiagnosticsManager]:   - Total: 2014-12-07T13:54:24-0500 - 0.00 B
2014-12-07 18:54:25.949+0000 INFO  [o.n.k.i.DiagnosticsManager]:   lock: 2014-12-07T13:54:24-0500 - 0.00 B
2014-12-07 18:54:25.949+0000 INFO  [o.n.k.i.DiagnosticsManager]:   messages.log: 2014-12-07T13:54:25-0500 - 43.28 kB
2014-12-07 18:54:25.949+0000 INFO  [o.n.k.i.DiagnosticsManager]:   neostore: 2014-12-07T13:54:24-0500 - 81.00 B
2014-12-07 18:54:25.949+0000 INFO  [o.n.k.i.DiagnosticsManager]:   neostore.counts.db.a: 2014-12-07T13:54:24-0500 - 8.00 kB
2014-12-07 18:54:25.950+0000 INFO  [o.n.k.i.DiagnosticsManager]:   neostore.counts.db.b: 2014-12-07T13:54:24-0500 - 8.00 kB
2014-12-07 18:54:25.950+0000 INFO  [o.n.k.i.DiagnosticsManager]:   neostore.id: 2014-12-07T13:54:24-0500 - 9.00 B
2014-12-07 18:54:25.950+0000 INFO  [o.n.k.i.DiagnosticsManager]:   neostore.labeltokenstore.db: 2014-12-07T13:54:24-0500 - 0.00 B
2014-12-07 18:54:25.950+0000 INFO  [o.n.k.i.DiagnosticsManager]:   neostore.labeltokenstore.db.id: 2014-12-07T13:54:24-0500 - 9.00 B
2014-12-07 18:54:25.950+0000 INFO  [o.n.k.i.DiagnosticsManager]:   neostore.labeltokenstore.db.names: 2014-12-07T13:54:24-0500 - 38.00 B
2014-12-07 18:54:25.951+0000 INFO  [o.n.k.i.DiagnosticsManager]:   neostore.labeltokenstore.db.names.id: 2014-12-07T13:54:24-0500 - 9.00 B
2014-12-07 18:54:25.951+0000 INFO  [o.n.k.i.DiagnosticsManager]:   neostore.nodestore.db: 2014-12-07T13:54:24-0500 - 0.00 B
2014-12-07 18:54:25.951+0000 INFO  [o.n.k.i.DiagnosticsManager]:   neostore.nodestore.db.id: 2014-12-07T13:54:24-0500 - 9.00 B
2014-12-07 18:54:25.952+0000 INFO  [o.n.k.i.DiagnosticsManager]:   neostore.nodestore.db.labels: 2014-12-07T13:54:24-0500 - 68.00 B
2014-12-07 18:54:25.952+0000 INFO  [o.n.k.i.DiagnosticsManager]:   neostore.nodestore.db.labels.id: 2014-12-07T13:54:24-0500 - 9.00 B
2014-12-07 18:54:25.952+0000 INFO  [o.n.k.i.DiagnosticsManager]:   neostore.propertystore.db: 2014-12-07T13:54:24-0500 - 0.00 B
2014-12-07 18:54:25.952+0000 INFO  [o.n.k.i.DiagnosticsManager]:   neostore.propertystore.db.arrays: 2014-12-07T13:54:24-0500 - 128.00 B
2014-12-07 18:54:25.953+0000 INFO  [o.n.k.i.DiagnosticsManager]:   neostore.propertystore.db.arrays.id: 2014-12-07T13:54:24-0500 - 9.00 B
2014-12-07 18:54:25.953+0000 INFO  [o.n.k.i.DiagnosticsManager]:   neostore.propertystore.db.id: 2014-12-07T13:54:24-0500 - 9.00 B
2014-12-07 18:54:25.953+0000 INFO  [o.n.k.i.DiagnosticsManager]:   neostore.propertystore.db.index: 2014-12-07T13:54:24-0500 - 0.00 B
2014-12-07 18:54:25.953+0000 INFO  [o.n.k.i.DiagnosticsManager]:   neostore.propertystore.db.index.id: 2014-12-07T13:54:24-0500 - 9.00 B
2014-12-07 18:54:25.954+0000 INFO  [o.n.k.i.DiagnosticsManager]:   neostore.propertystore.db.index.keys: 2014-12-07T13:54:24-0500 - 38.00 B
2014-12-07 18:54:25.954+0000 INFO  [o.n.k.i.DiagnosticsManager]:   neostore.propertystore.db.index.keys.id: 2014-12-07T13:54:24-0500 - 9.00 B
2014-12-07 18:54:25.954+0000 INFO  [o.n.k.i.DiagnosticsManager]:   neostore.propertystore.db.strings: 2014-12-07T13:54:24-0500 - 128.00 B
2014-12-07 18:54:25.954+0000 INFO  [o.n.k.i.DiagnosticsManager]:   neostore.propertystore.db.strings.id: 2014-12-07T13:54:24-0500 - 9.00 B
2014-12-07 18:54:25.954+0000 INFO  [o.n.k.i.DiagnosticsManager]:   neostore.relationshipgroupstore.db: 2014-12-07T13:54:24-0500 - 25.00 B
2014-12-07 18:54:25.954+0000 INFO  [o.n.k.i.DiagnosticsManager]:   neostore.relationshipgroupstore.db.id: 2014-12-07T13:54:24-0500 - 9.00 B
2014-12-07 18:54:25.955+0000 INFO  [o.n.k.i.DiagnosticsManager]:   neostore.relationshipstore.db: 2014-12-07T13:54:24-0500 - 0.00 B
2014-12-07 18:54:25.955+0000 INFO  [o.n.k.i.DiagnosticsManager]:   neostore.relationshipstore.db.id: 2014-12-07T13:54:24-0500 - 9.00 B
2014-12-07 18:54:25.955+0000 INFO  [o.n.k.i.DiagnosticsManager]:   neostore.relationshiptypestore.db: 2014-12-07T13:54:24-0500 - 0.00 B
2014-12-07 18:54:25.955+0000 INFO  [o.n.k.i.DiagnosticsManager]:   neostore.relationshiptypestore.db.id: 2014-12-07T13:54:24-0500 - 9.00 B
2014-12-07 18:54:25.955+0000 INFO  [o.n.k.i.DiagnosticsManager]:   neostore.relationshiptypestore.db.names: 2014-12-07T13:54:24-0500 - 38.00 B
2014-12-07 18:54:25.955+0000 INFO  [o.n.k.i.DiagnosticsManager]:   neostore.relationshiptypestore.db.names.id: 2014-12-07T13:54:24-0500 - 9.00 B
2014-12-07 18:54:25.956+0000 INFO  [o.n.k.i.DiagnosticsManager]:   neostore.schemastore.db: 2014-12-07T13:54:24-0500 - 64.00 B
2014-12-07 18:54:25.956+0000 INFO  [o.n.k.i.DiagnosticsManager]:   neostore.schemastore.db.id: 2014-12-07T13:54:24-0500 - 9.00 B
2014-12-07 18:54:25.956+0000 INFO  [o.n.k.i.DiagnosticsManager]:   neostore.transaction.db.0: 2014-12-07T13:54:25-0500 - 16.00 B
2014-12-07 18:54:25.956+0000 INFO  [o.n.k.i.DiagnosticsManager]:   schema:
2014-12-07 18:54:25.956+0000 INFO  [o.n.k.i.DiagnosticsManager]:     label:
2014-12-07 18:54:25.956+0000 INFO  [o.n.k.i.DiagnosticsManager]:       lucene:
2014-12-07 18:54:25.956+0000 INFO  [o.n.k.i.DiagnosticsManager]:         write.lock: 2014-12-07T13:54:25-0500 - 0.00 B
2014-12-07 18:54:25.957+0000 INFO  [o.n.k.i.DiagnosticsManager]:       - Total: 2014-12-07T13:54:25-0500 - 0.00 B
2014-12-07 18:54:25.957+0000 INFO  [o.n.k.i.DiagnosticsManager]:     - Total: 2014-12-07T13:54:25-0500 - 0.00 B
2014-12-07 18:54:25.957+0000 INFO  [o.n.k.i.DiagnosticsManager]:   - Total: 2014-12-07T13:54:24-0500 - 0.00 B
2014-12-07 18:54:25.957+0000 INFO  [o.n.k.i.DiagnosticsManager]:   store_lock: 2014-12-07T13:54:24-0500 - 0.00 B
2014-12-07 18:54:25.957+0000 INFO  [o.n.k.i.DiagnosticsManager]: --- STARTED diagnostics for KernelDiagnostics:StoreFiles END ---
2014-12-07 18:54:25.993+0000 INFO  [o.n.k.EmbeddedGraphDatabase]: Database is now ready
2014-12-07 18:54:25.994+0000 INFO  [o.n.s.d.LifecycleManagingDatabase]: Successfully started database
2014-12-07 18:54:25.995+0000 INFO  [o.n.k.i.DiagnosticsManager]: --- SERVER STARTED START ---
2014-12-07 18:54:26.067+0000 INFO  [o.n.s.CommunityNeoServer]: Starting HTTP on port :7474 with 8 threads available
2014-12-07 18:54:26.314+0000 INFO  [o.n.s.w.Jetty9WebServer]: Mounting static content at [/webadmin] from [webadmin-html]
2014-12-07 18:54:26.359+0000 INFO  [o.n.s.w.Jetty9WebServer]: Mounting static content at [/browser] from [browser]
2014-12-07 18:54:27.188+0000 INFO  [o.n.s.CommunityNeoServer]: Server started on: http://0.0.0.0:7474/
2014-12-07 18:54:27.188+0000 INFO  [o.n.s.CommunityNeoServer]: Remote interface ready and available at [http://0.0.0.0:7474/]
2014-12-07 18:54:27.188+0000 INFO  [o.n.k.i.DiagnosticsManager]: --- SERVER STARTED END ---
2014-12-07 18:55:23.722+0000 INFO  [o.n.s.CommunityBootstrapper]: Neo4j Server shutdown initiated by request
2014-12-07 18:55:23.738+0000 INFO  [o.n.s.CommunityNeoServer]: Successfully shutdown Neo4j Server.
2014-12-07 18:55:23.738+0000 INFO  [o.n.k.EmbeddedGraphDatabase]: Shutdown started
2014-12-07 18:55:23.739+0000 INFO  [o.n.k.EmbeddedGraphDatabase]: Database is now unavailable
2014-12-07 18:55:23.776+0000 INFO  [o.n.k.NeoStoreDataSource]: NeoStore closed
2014-12-07 18:55:23.776+0000 INFO  [o.n.k.i.DiagnosticsManager]: --- STOPPING diagnostics START ---
2014-12-07 18:55:23.776+0000 INFO  [o.n.k.i.DiagnosticsManager]: --- STOPPING diagnostics END ---
2014-12-07 18:55:23.781+0000 INFO  [o.n.s.d.LifecycleManagingDatabase]: Successfully stopped database
2014-12-07 18:55:23.781+0000 INFO  [o.n.s.CommunityNeoServer]: Successfully shutdown database.
